Loaded file data/german_print_20_dict/ZfN_only_v4.lstm, unpacking...
Warning: LSTMTrainer deserialized an LSTMRecognizer!
Code range changed from 419 to 431!
Num (Extended) outputs,weights in Series:
  1,36,0,1:1, 0
Num (Extended) outputs,weights in Series:
  C3,3:9, 0
  Ft16:16, 160
Total weights = 160
  [C3,3Ft16]:16, 160
  Mp3,3:16, 0
  TxyLfys48:48, 12480
  Lfx96:96, 55680
  RxLrx96:96, 74112
  Lfx192:192, 221952
  Fc431:431, 83183
Total weights = 447567
Previous null char=418 mapped to 430
Continuing from data/german_print_20_dict/ZfN_only_v4.lstm
2 Percent improvement time=30, best error was 100 @ 0
At iteration 30/100/100, mean rms=0.297%, delta=1.405%, BCER train=5.410%, BWER train=9.779%, skip ratio=0.000%, New best BCER = 5.410 Transitioned to stage 1 wrote best model:data/ZfN_only_v4/checkpoints/ZfN_only_v4_5.410_30_100.checkpoint wrote checkpoint.
2 Percent improvement time=58, best error was 100 @ 0
At iteration 58/200/200, mean rms=0.280%, delta=1.252%, BCER train=4.646%, BWER train=9.307%, skip ratio=0.000%, New best BCER = 4.646 wrote best model:data/ZfN_only_v4/checkpoints/ZfN_only_v4_4.646_58_200.checkpoint wrote checkpoint.
2 Percent improvement time=86, best error was 100 @ 0
At iteration 86/300/300, mean rms=0.276%, delta=1.068%, BCER train=4.095%, BWER train=9.692%, skip ratio=0.000%, New best BCER = 4.095 wrote best model:data/ZfN_only_v4/checkpoints/ZfN_only_v4_4.095_86_300.checkpoint wrote checkpoint.
At iteration 112/400/400, mean rms=0.301%, delta=1.468%, BCER train=5.155%, BWER train=10.996%, skip ratio=0.000%, New worst BCER = 5.155 wrote checkpoint.
At iteration 136/500/500, mean rms=0.289%, delta=1.346%, BCER train=4.761%, BWER train=10.641%, skip ratio=0.000%, New worst BCER = 4.761 wrote checkpoint.
At iteration 173/600/600, mean rms=0.292%, delta=1.325%, BCER train=4.746%, BWER train=10.619%, skip ratio=0.000%, New worst BCER = 4.746 wrote checkpoint.
At iteration 208/700/700, mean rms=0.296%, delta=1.326%, BCER train=4.747%, BWER train=10.423%, skip ratio=0.000%, New worst BCER = 4.747 wrote checkpoint.
At iteration 238/800/800, mean rms=0.293%, delta=1.304%, BCER train=4.623%, BWER train=10.086%, skip ratio=0.000%, New worst BCER = 4.623 wrote checkpoint.
At iteration 269/900/900, mean rms=0.291%, delta=1.254%, BCER train=4.445%, BWER train=10.059%, skip ratio=0.000%, New worst BCER = 4.445 wrote checkpoint.
At iteration 302/1000/1000, mean rms=0.288%, delta=1.225%, BCER train=4.381%, BWER train=9.975%, skip ratio=0.000%, New worst BCER = 4.381 wrote checkpoint.
At iteration 330/1100/1100, mean rms=0.289%, delta=1.255%, BCER train=4.470%, BWER train=10.023%, skip ratio=0.000%, New worst BCER = 4.470 wrote checkpoint.
At iteration 355/1200/1200, mean rms=0.291%, delta=1.281%, BCER train=4.549%, BWER train=10.041%, skip ratio=0.000%, New worst BCER = 4.549 wrote checkpoint.
At iteration 380/1300/1300, mean rms=0.289%, delta=1.305%, BCER train=4.593%, BWER train=9.803%, skip ratio=0.000%, New worst BCER = 4.593 wrote checkpoint.
At iteration 412/1400/1400, mean rms=0.280%, delta=1.155%, BCER train=4.129%, BWER train=9.234%, skip ratio=0.000%, New worst BCER = 4.129 wrote checkpoint.
At iteration 442/1500/1500, mean rms=0.282%, delta=1.169%, BCER train=4.185%, BWER train=9.136%, skip ratio=0.000%, New worst BCER = 4.185 wrote checkpoint.
2 Percent improvement time=466, best error was 100 @ 0
At iteration 466/1600/1600, mean rms=0.275%, delta=1.180%, BCER train=4.048%, BWER train=8.798%, skip ratio=0.000%, New best BCER = 4.048 wrote checkpoint.
2 Percent improvement time=489, best error was 100 @ 0
At iteration 489/1700/1700, mean rms=0.265%, delta=1.119%, BCER train=3.783%, BWER train=8.380%, skip ratio=0.000%, New best BCER = 3.783 wrote best model:data/ZfN_only_v4/checkpoints/ZfN_only_v4_3.783_489_1700.checkpoint wrote checkpoint.
At iteration 518/1800/1800, mean rms=0.268%, delta=1.127%, BCER train=3.824%, BWER train=8.643%, skip ratio=0.000%, New worst BCER = 3.824 wrote checkpoint.
At iteration 546/1900/1900, mean rms=0.269%, delta=1.228%, BCER train=3.996%, BWER train=8.682%, skip ratio=0.000%, New worst BCER = 3.996 wrote checkpoint.
At iteration 575/2000/2000, mean rms=0.274%, delta=1.327%, BCER train=4.100%, BWER train=8.456%, skip ratio=0.000%, New worst BCER = 4.100 wrote checkpoint.
At iteration 610/2100/2100, mean rms=0.286%, delta=1.526%, BCER train=4.395%, BWER train=8.894%, skip ratio=0.000%, New worst BCER = 4.395 wrote checkpoint.
At iteration 641/2200/2200, mean rms=0.283%, delta=1.473%, BCER train=4.207%, BWER train=8.802%, skip ratio=0.000%, New worst BCER = 4.207 wrote checkpoint.
At iteration 671/2300/2300, mean rms=0.287%, delta=1.539%, BCER train=4.334%, BWER train=8.920%, skip ratio=0.000%, New worst BCER = 4.334 wrote checkpoint.
At iteration 700/2400/2400, mean rms=0.285%, delta=1.527%, BCER train=4.297%, BWER train=8.951%, skip ratio=0.000%, New worst BCER = 4.297 wrote checkpoint.
At iteration 716/2500/2500, mean rms=0.278%, delta=1.541%, BCER train=4.217%, BWER train=8.683%, skip ratio=0.000%, New worst BCER = 4.217 wrote checkpoint.
At iteration 748/2600/2600, mean rms=0.283%, delta=1.534%, BCER train=4.287%, BWER train=9.077%, skip ratio=0.000%, New worst BCER = 4.287 wrote checkpoint.
At iteration 778/2700/2700, mean rms=0.295%, delta=1.766%, BCER train=4.584%, BWER train=9.484%, skip ratio=0.000%, New worst BCER = 4.584 wrote checkpoint.
At iteration 809/2800/2800, mean rms=0.291%, delta=1.723%, BCER train=4.409%, BWER train=9.076%, skip ratio=0.000%, New worst BCER = 4.409 wrote checkpoint.
At iteration 839/2900/2900, mean rms=0.292%, delta=1.672%, BCER train=4.335%, BWER train=8.903%, skip ratio=0.000%, New worst BCER = 4.335 wrote checkpoint.
At iteration 868/3000/3000, mean rms=0.287%, delta=1.562%, BCER train=4.174%, BWER train=9.071%, skip ratio=0.000%, New worst BCER = 4.174 wrote checkpoint.
2 Percent improvement time=893, best error was 100 @ 0
At iteration 893/3100/3100, mean rms=0.264%, delta=1.259%, BCER train=3.433%, BWER train=8.210%, skip ratio=0.000%, New best BCER = 3.433 wrote best model:data/ZfN_only_v4/checkpoints/ZfN_only_v4_3.433_893_3100.checkpoint wrote checkpoint.
At iteration 919/3200/3200, mean rms=0.263%, delta=1.292%, BCER train=3.559%, BWER train=8.332%, skip ratio=0.000%, New worst BCER = 3.559 wrote checkpoint.
2 Percent improvement time=906, best error was 5.41 @ 30
At iteration 936/3300/3300, mean rms=0.255%, delta=1.185%, BCER train=3.275%, BWER train=7.899%, skip ratio=0.000%, New best BCER = 3.275 wrote best model:data/ZfN_only_v4/checkpoints/ZfN_only_v4_3.275_936_3300.checkpoint wrote checkpoint.
2 Percent improvement time=933, best error was 5.41 @ 30
At iteration 963/3400/3400, mean rms=0.253%, delta=1.167%, BCER train=3.265%, BWER train=7.724%, skip ratio=0.000%, New best BCER = 3.265 wrote checkpoint.
2 Percent improvement time=957, best error was 5.41 @ 30
At iteration 987/3500/3500, mean rms=0.258%, delta=1.137%, BCER train=3.256%, BWER train=7.897%, skip ratio=0.000%, New best BCER = 3.256 wrote checkpoint.
2 Percent improvement time=984, best error was 5.41 @ 30
At iteration 1014/3600/3600, mean rms=0.253%, delta=1.101%, BCER train=3.133%, BWER train=7.610%, skip ratio=0.000%, New best BCER = 3.133 wrote best model:data/ZfN_only_v4/checkpoints/ZfN_only_v4_3.133_1014_3600.checkpoint wrote checkpoint.
2 Percent improvement time=1009, best error was 5.41 @ 30
At iteration 1039/3700/3700, mean rms=0.243%, delta=0.899%, BCER train=2.931%, BWER train=7.468%, skip ratio=0.000%, New best BCER = 2.931 wrote best model:data/ZfN_only_v4/checkpoints/ZfN_only_v4_2.931_1039_3700.checkpoint wrote checkpoint.
At iteration 1067/3800/3800, mean rms=0.247%, delta=0.942%, BCER train=3.114%, BWER train=7.666%, skip ratio=0.000%, New worst BCER = 3.114 wrote checkpoint.
At iteration 1095/3900/3900, mean rms=0.242%, delta=0.909%, BCER train=2.998%, BWER train=7.476%, skip ratio=0.000%, New worst BCER = 2.998 wrote checkpoint.
At iteration 1123/4000/4000, mean rms=0.242%, delta=0.914%, BCER train=3.002%, BWER train=7.459%, skip ratio=0.000%, New worst BCER = 3.002 wrote checkpoint.
At iteration 1146/4100/4100, mean rms=0.240%, delta=0.905%, BCER train=3.028%, BWER train=7.486%, skip ratio=0.000%, New worst BCER = 3.028 wrote checkpoint.
2 Percent improvement time=1142, best error was 5.41 @ 30
At iteration 1172/4200/4200, mean rms=0.238%, delta=0.856%, BCER train=2.890%, BWER train=7.145%, skip ratio=0.000%, New best BCER = 2.890 wrote checkpoint.
At iteration 1203/4300/4300, mean rms=0.244%, delta=0.910%, BCER train=3.046%, BWER train=7.461%, skip ratio=0.000%, New worst BCER = 3.046 wrote checkpoint.
At iteration 1229/4400/4400, mean rms=0.244%, delta=0.904%, BCER train=2.972%, BWER train=7.356%, skip ratio=0.000%, New worst BCER = 2.972 wrote checkpoint.
At iteration 1245/4500/4500, mean rms=0.240%, delta=0.945%, BCER train=2.968%, BWER train=7.190%, skip ratio=0.000%, New worst BCER = 2.968 wrote checkpoint.
At iteration 1269/4600/4600, mean rms=0.239%, delta=0.972%, BCER train=3.020%, BWER train=7.053%, skip ratio=0.000%, New worst BCER = 3.020 wrote checkpoint.
At iteration 1296/4700/4700, mean rms=0.240%, delta=0.961%, BCER train=3.062%, BWER train=6.966%, skip ratio=0.000%, New worst BCER = 3.062 wrote checkpoint.
At iteration 1333/4800/4800, mean rms=0.245%, delta=0.991%, BCER train=3.261%, BWER train=7.591%, skip ratio=0.000%, New worst BCER = 3.261 wrote checkpoint.
At iteration 1357/4900/4900, mean rms=0.242%, delta=0.971%, BCER train=3.222%, BWER train=7.483%, skip ratio=0.000%, New worst BCER = 3.222 wrote checkpoint.
At iteration 1377/5000/5000, mean rms=0.236%, delta=0.921%, BCER train=3.033%, BWER train=7.079%, skip ratio=0.000%, New worst BCER = 3.033 wrote checkpoint.
At iteration 1400/5100/5100, mean rms=0.240%, delta=0.937%, BCER train=3.233%, BWER train=7.112%, skip ratio=0.000%, New worst BCER = 3.233 wrote checkpoint.
At iteration 1428/5200/5200, mean rms=0.242%, delta=0.968%, BCER train=3.247%, BWER train=7.209%, skip ratio=0.000%, New worst BCER = 3.247 wrote checkpoint.
At iteration 1459/5300/5300, mean rms=0.246%, delta=0.985%, BCER train=3.327%, BWER train=7.291%, skip ratio=0.000%, New worst BCER = 3.327 wrote checkpoint.
At iteration 1478/5400/5400, mean rms=0.246%, delta=1.029%, BCER train=3.566%, BWER train=7.623%, skip ratio=0.000%, New worst BCER = 3.566 wrote checkpoint.
At iteration 1496/5500/5500, mean rms=0.247%, delta=0.993%, BCER train=3.675%, BWER train=7.789%, skip ratio=0.000%, New worst BCER = 3.675 wrote checkpoint.
At iteration 1525/5600/5600, mean rms=0.256%, delta=1.080%, BCER train=3.781%, BWER train=7.898%, skip ratio=0.000%, New worst BCER = 3.781 wrote checkpoint.
At iteration 1550/5700/5700, mean rms=0.254%, delta=1.087%, BCER train=3.667%, BWER train=7.877%, skip ratio=0.000%, New worst BCER = 3.667 wrote checkpoint.
At iteration 1578/5800/5800, mean rms=0.247%, delta=1.045%, BCER train=3.510%, BWER train=7.229%, skip ratio=0.000%, New worst BCER = 3.510 wrote checkpoint.
At iteration 1601/5900/5900, mean rms=0.247%, delta=1.026%, BCER train=3.538%, BWER train=7.255%, skip ratio=0.000%, New worst BCER = 3.538 wrote checkpoint.
At iteration 1623/6000/6000, mean rms=0.247%, delta=1.032%, BCER train=3.550%, BWER train=7.274%, skip ratio=0.000%, New worst BCER = 3.550 wrote checkpoint.
At iteration 1645/6100/6100, mean rms=0.247%, delta=1.030%, BCER train=3.456%, BWER train=7.222%, skip ratio=0.000%, New worst BCER = 3.456 wrote checkpoint.
At iteration 1670/6200/6200, mean rms=0.250%, delta=1.117%, BCER train=3.600%, BWER train=7.409%, skip ratio=0.000%, New worst BCER = 3.600 wrote checkpoint.
At iteration 1691/6300/6300, mean rms=0.238%, delta=1.042%, BCER train=3.380%, BWER train=7.138%, skip ratio=0.000%, New worst BCER = 3.380 wrote checkpoint.
At iteration 1725/6400/6400, mean rms=0.241%, delta=1.024%, BCER train=3.282%, BWER train=6.951%, skip ratio=0.000%, New worst BCER = 3.282 wrote checkpoint.
At iteration 1753/6500/6500, mean rms=0.245%, delta=1.024%, BCER train=3.165%, BWER train=6.904%, skip ratio=0.000%, New worst BCER = 3.165 wrote checkpoint.
At iteration 1778/6600/6600, mean rms=0.235%, delta=0.885%, BCER train=2.905%, BWER train=6.557%, skip ratio=0.000%, New worst BCER = 2.905 wrote checkpoint.
At iteration 1805/6700/6700, mean rms=0.236%, delta=0.864%, BCER train=2.936%, BWER train=6.606%, skip ratio=0.000%, New worst BCER = 2.936 wrote checkpoint.
2 Percent improvement time=1799, best error was 5.41 @ 30
At iteration 1829/6800/6800, mean rms=0.232%, delta=0.847%, BCER train=2.779%, BWER train=6.485%, skip ratio=0.000%, New best BCER = 2.779 wrote best model:data/ZfN_only_v4/checkpoints/ZfN_only_v4_2.779_1829_6800.checkpoint wrote checkpoint.
At iteration 1851/6900/6900, mean rms=0.233%, delta=0.882%, BCER train=2.865%, BWER train=6.535%, skip ratio=0.000%, New worst BCER = 2.865 wrote checkpoint.
At iteration 1875/7000/7000, mean rms=0.238%, delta=0.921%, BCER train=2.969%, BWER train=6.675%, skip ratio=0.000%, New worst BCER = 2.969 wrote checkpoint.
At iteration 1895/7100/7100, mean rms=0.237%, delta=0.912%, BCER train=2.933%, BWER train=6.737%, skip ratio=0.000%, New worst BCER = 2.933 wrote checkpoint.
At iteration 1926/7200/7200, mean rms=0.237%, delta=0.826%, BCER train=2.821%, BWER train=6.717%, skip ratio=0.000%, New worst BCER = 2.821 wrote checkpoint.
At iteration 1945/7300/7300, mean rms=0.238%, delta=0.832%, BCER train=2.797%, BWER train=6.522%, skip ratio=0.000%, New worst BCER = 2.797 wrote checkpoint.
2 Percent improvement time=1932, best error was 5.41 @ 30
At iteration 1962/7400/7400, mean rms=0.232%, delta=0.850%, BCER train=2.707%, BWER train=6.313%, skip ratio=0.000%, New best BCER = 2.707 wrote checkpoint.
At iteration 1987/7500/7500, mean rms=0.229%, delta=0.857%, BCER train=2.742%, BWER train=6.235%, skip ratio=0.000%, New worst BCER = 2.742 wrote checkpoint.
At iteration 2013/7600/7600, mean rms=0.231%, delta=0.877%, BCER train=2.800%, BWER train=6.528%, skip ratio=0.000%, New worst BCER = 2.800 wrote checkpoint.
At iteration 2039/7700/7700, mean rms=0.233%, delta=0.928%, BCER train=2.926%, BWER train=6.618%, skip ratio=0.000%, New worst BCER = 2.926 wrote checkpoint.
At iteration 2069/7800/7800, mean rms=0.242%, delta=1.041%, BCER train=3.148%, BWER train=6.866%, skip ratio=0.000%, New worst BCER = 3.148 wrote checkpoint.
At iteration 2095/7900/7900, mean rms=0.247%, delta=1.068%, BCER train=3.178%, BWER train=7.120%, skip ratio=0.000%, New worst BCER = 3.178 wrote checkpoint.
At iteration 2125/8000/8000, mean rms=0.249%, delta=1.108%, BCER train=3.227%, BWER train=7.425%, skip ratio=0.000%, New worst BCER = 3.227 wrote checkpoint.
At iteration 2146/8100/8100, mean rms=0.249%, delta=1.120%, BCER train=3.223%, BWER train=7.410%, skip ratio=0.000%, New worst BCER = 3.223 wrote checkpoint.
At iteration 2169/8200/8200, mean rms=0.243%, delta=1.092%, BCER train=3.122%, BWER train=7.065%, skip ratio=0.000%, New worst BCER = 3.122 wrote checkpoint.
At iteration 2188/8300/8300, mean rms=0.244%, delta=1.141%, BCER train=3.199%, BWER train=7.197%, skip ratio=0.000%, New worst BCER = 3.199 wrote checkpoint.
At iteration 2219/8400/8400, mean rms=0.249%, delta=1.106%, BCER train=3.166%, BWER train=7.264%, skip ratio=0.000%, New worst BCER = 3.166 wrote checkpoint.
At iteration 2246/8500/8500, mean rms=0.255%, delta=1.276%, BCER train=3.172%, BWER train=7.417%, skip ratio=0.000%, New worst BCER = 3.172 wrote checkpoint.
At iteration 2274/8600/8600, mean rms=0.253%, delta=1.265%, BCER train=3.157%, BWER train=7.290%, skip ratio=0.000%, New worst BCER = 3.157 wrote checkpoint.
At iteration 2302/8700/8700, mean rms=0.254%, delta=1.235%, BCER train=3.038%, BWER train=7.299%, skip ratio=0.000%, New worst BCER = 3.038 wrote checkpoint.
At iteration 2325/8800/8800, mean rms=0.244%, delta=1.109%, BCER train=2.746%, BWER train=7.027%, skip ratio=0.000%, New worst BCER = 2.746 wrote checkpoint.
2 Percent improvement time=2288, best error was 4.646 @ 58
At iteration 2346/8900/8900, mean rms=0.233%, delta=1.017%, BCER train=2.481%, BWER train=6.611%, skip ratio=0.000%, New best BCER = 2.481 wrote best model:data/ZfN_only_v4/checkpoints/ZfN_only_v4_2.481_2346_8900.checkpoint wrote checkpoint.
At iteration 2372/9000/9000, mean rms=0.230%, delta=0.979%, BCER train=2.531%, BWER train=6.632%, skip ratio=0.000%, New worst BCER = 2.531 wrote checkpoint.
2 Percent improvement time=2328, best error was 4.646 @ 58
At iteration 2386/9100/9100, mean rms=0.225%, delta=0.931%, BCER train=2.350%, BWER train=6.301%, skip ratio=0.000%, New best BCER = 2.350 wrote best model:data/ZfN_only_v4/checkpoints/ZfN_only_v4_2.350_2386_9100.checkpoint wrote checkpoint.
At iteration 2411/9200/9200, mean rms=0.226%, delta=0.934%, BCER train=2.391%, BWER train=6.589%, skip ratio=0.000%, New worst BCER = 2.391 wrote checkpoint.
At iteration 2431/9300/9300, mean rms=0.228%, delta=0.909%, BCER train=2.395%, BWER train=6.808%, skip ratio=0.000%, New worst BCER = 2.395 wrote checkpoint.
At iteration 2453/9400/9400, mean rms=0.223%, delta=0.879%, BCER train=2.375%, BWER train=6.790%, skip ratio=0.000%, New worst BCER = 2.375 wrote checkpoint.
2 Percent improvement time=2420, best error was 4.646 @ 58
At iteration 2478/9500/9500, mean rms=0.217%, delta=0.682%, BCER train=2.296%, BWER train=6.618%, skip ratio=0.000%, New best BCER = 2.296 wrote checkpoint.
At iteration 2505/9600/9600, mean rms=0.221%, delta=0.732%, BCER train=2.467%, BWER train=6.764%, skip ratio=0.000%, New worst BCER = 2.467 wrote checkpoint.
At iteration 2532/9700/9700, mean rms=0.217%, delta=0.722%, BCER train=2.449%, BWER train=6.660%, skip ratio=0.000%, New worst BCER = 2.449 wrote checkpoint.
At iteration 2558/9800/9800, mean rms=0.217%, delta=0.703%, BCER train=2.461%, BWER train=6.626%, skip ratio=0.000%, New worst BCER = 2.461 wrote checkpoint.
At iteration 2584/9900/9900, mean rms=0.221%, delta=0.734%, BCER train=2.578%, BWER train=6.881%, skip ratio=0.000%, New worst BCER = 2.578 wrote checkpoint.
At iteration 2605/10000/10000, mean rms=0.216%, delta=0.716%, BCER train=2.364%, BWER train=6.296%, skip ratio=0.000%, New worst BCER = 2.364 wrote checkpoint.
At iteration 2632/10100/10100, mean rms=0.224%, delta=0.764%, BCER train=2.553%, BWER train=6.746%, skip ratio=0.000%, New worst BCER = 2.553 wrote checkpoint.
At iteration 2654/10200/10200, mean rms=0.224%, delta=0.763%, BCER train=2.516%, BWER train=6.482%, skip ratio=0.000%, New worst BCER = 2.516 wrote checkpoint.
At iteration 2671/10300/10300, mean rms=0.220%, delta=0.769%, BCER train=2.570%, BWER train=6.216%, skip ratio=0.000%, New worst BCER = 2.570 wrote checkpoint.
At iteration 2692/10400/10400, mean rms=0.217%, delta=0.774%, BCER train=2.519%, BWER train=6.011%, skip ratio=0.000%, New worst BCER = 2.519 wrote checkpoint.
At iteration 2713/10500/10500, mean rms=0.220%, delta=0.791%, BCER train=2.594%, BWER train=6.000%, skip ratio=0.000%, New worst BCER = 2.594 wrote checkpoint.
At iteration 2745/10600/10600, mean rms=0.223%, delta=0.786%, BCER train=2.725%, BWER train=6.450%, skip ratio=0.000%, New worst BCER = 2.725 wrote checkpoint.
At iteration 2768/10700/10700, mean rms=0.221%, delta=0.775%, BCER train=2.685%, BWER train=6.224%, skip ratio=0.000%, New worst BCER = 2.685 wrote checkpoint.
At iteration 2791/10800/10800, mean rms=0.220%, delta=0.758%, BCER train=2.624%, BWER train=6.170%, skip ratio=0.000%, New worst BCER = 2.624 wrote checkpoint.
At iteration 2811/10900/10900, mean rms=0.218%, delta=0.754%, BCER train=2.638%, BWER train=5.904%, skip ratio=0.000%, New worst BCER = 2.638 wrote checkpoint.
At iteration 2839/11000/11000, mean rms=0.224%, delta=0.770%, BCER train=2.755%, BWER train=6.278%, skip ratio=0.000%, New worst BCER = 2.755 wrote checkpoint.
At iteration 2861/11100/11100, mean rms=0.224%, delta=0.801%, BCER train=2.826%, BWER train=6.263%, skip ratio=0.000%, New worst BCER = 2.826 wrote checkpoint.
At iteration 2881/11200/11200, mean rms=0.224%, delta=0.832%, BCER train=3.195%, BWER train=6.598%, skip ratio=0.000%, New worst BCER = 3.195 wrote checkpoint.
At iteration 2902/11300/11300, mean rms=0.226%, delta=0.819%, BCER train=3.125%, BWER train=6.636%, skip ratio=0.000%, New worst BCER = 3.125 wrote checkpoint.
At iteration 2924/11400/11400, mean rms=0.233%, delta=0.881%, BCER train=3.310%, BWER train=6.848%, skip ratio=0.000%, New worst BCER = 3.310 wrote checkpoint.
At iteration 2949/11500/11500, mean rms=0.233%, delta=0.887%, BCER train=3.267%, BWER train=6.922%, skip ratio=0.000%, New worst BCER = 3.267 wrote checkpoint.
At iteration 2971/11600/11600, mean rms=0.225%, delta=0.840%, BCER train=3.089%, BWER train=6.343%, skip ratio=0.000%, New worst BCER = 3.089 wrote checkpoint.
At iteration 2994/11700/11700, mean rms=0.226%, delta=0.844%, BCER train=3.231%, BWER train=6.481%, skip ratio=0.000%, New worst BCER = 3.231 wrote checkpoint.
At iteration 3013/11800/11800, mean rms=0.221%, delta=0.829%, BCER train=3.135%, BWER train=6.272%, skip ratio=0.000%, New worst BCER = 3.135 wrote checkpoint.
At iteration 3038/11900/11900, mean rms=0.230%, delta=0.935%, BCER train=3.282%, BWER train=6.496%, skip ratio=0.000%, New worst BCER = 3.282 wrote checkpoint.
At iteration 3054/12000/12000, mean rms=0.223%, delta=0.897%, BCER train=3.333%, BWER train=6.403%, skip ratio=0.000%, New worst BCER = 3.333 wrote checkpoint.
At iteration 3075/12100/12100, mean rms=0.218%, delta=0.856%, BCER train=3.255%, BWER train=6.272%, skip ratio=0.000%, New worst BCER = 3.255 wrote checkpoint.
At iteration 3108/12200/12200, mean rms=0.221%, delta=0.844%, BCER train=2.988%, BWER train=6.193%, skip ratio=0.000%, New worst BCER = 2.988 wrote checkpoint.
At iteration 3131/12300/12300, mean rms=0.222%, delta=0.830%, BCER train=2.970%, BWER train=6.141%, skip ratio=0.000%, New worst BCER = 2.970 wrote checkpoint.
At iteration 3155/12400/12400, mean rms=0.217%, delta=0.769%, BCER train=2.791%, BWER train=5.930%, skip ratio=0.000%, New worst BCER = 2.791 wrote checkpoint.
At iteration 3179/12500/12500, mean rms=0.214%, delta=0.737%, BCER train=2.732%, BWER train=5.900%, skip ratio=0.000%, New worst BCER = 2.732 wrote checkpoint.
At iteration 3202/12600/12600, mean rms=0.216%, delta=0.763%, BCER train=2.678%, BWER train=5.891%, skip ratio=0.000%, New worst BCER = 2.678 wrote checkpoint.
At iteration 3221/12700/12700, mean rms=0.214%, delta=0.746%, BCER train=2.521%, BWER train=5.708%, skip ratio=0.000%, New worst BCER = 2.521 wrote checkpoint.
At iteration 3243/12800/12800, mean rms=0.220%, delta=0.783%, BCER train=2.673%, BWER train=5.963%, skip ratio=0.000%, New worst BCER = 2.673 wrote checkpoint.
At iteration 3269/12900/12900, mean rms=0.216%, delta=0.702%, BCER train=2.608%, BWER train=6.123%, skip ratio=0.000%, New worst BCER = 2.608 wrote checkpoint.
At iteration 3289/13000/13000, mean rms=0.218%, delta=0.714%, BCER train=2.481%, BWER train=5.933%, skip ratio=0.000%, New worst BCER = 2.481 wrote checkpoint.
At iteration 3312/13100/13100, mean rms=0.223%, delta=0.780%, BCER train=2.614%, BWER train=5.994%, skip ratio=0.000%, New worst BCER = 2.614 wrote checkpoint.
At iteration 3325/13200/13200, mean rms=0.212%, delta=0.734%, BCER train=2.412%, BWER train=5.548%, skip ratio=0.000%, New worst BCER = 2.412 wrote checkpoint.
At iteration 3350/13300/13300, mean rms=0.214%, delta=0.777%, BCER train=2.501%, BWER train=5.691%, skip ratio=0.000%, New worst BCER = 2.501 wrote checkpoint.
At iteration 3372/13400/13400, mean rms=0.214%, delta=0.776%, BCER train=2.508%, BWER train=5.886%, skip ratio=0.000%, New worst BCER = 2.508 wrote checkpoint.
At iteration 3394/13500/13500, mean rms=0.216%, delta=0.814%, BCER train=2.642%, BWER train=5.956%, skip ratio=0.000%, New worst BCER = 2.642 wrote checkpoint.
At iteration 3420/13600/13600, mean rms=0.222%, delta=0.871%, BCER train=2.763%, BWER train=6.120%, skip ratio=0.000%, New worst BCER = 2.763 wrote checkpoint.
At iteration 3446/13700/13700, mean rms=0.228%, delta=0.906%, BCER train=2.944%, BWER train=6.577%, skip ratio=0.000%, New worst BCER = 2.944 wrote checkpoint.
At iteration 3471/13800/13800, mean rms=0.230%, delta=0.931%, BCER train=3.037%, BWER train=6.693%, skip ratio=0.000%, New worst BCER = 3.037 wrote checkpoint.
At iteration 3491/13900/13900, mean rms=0.226%, delta=0.909%, BCER train=2.896%, BWER train=6.468%, skip ratio=0.000%, New worst BCER = 2.896 wrote checkpoint.
At iteration 3511/14000/14000, mean rms=0.226%, delta=0.911%, BCER train=2.890%, BWER train=6.490%, skip ratio=0.000%, wrote checkpoint.
At iteration 3529/14100/14100, mean rms=0.223%, delta=0.902%, BCER train=2.777%, BWER train=6.421%, skip ratio=0.000%, wrote checkpoint.
At iteration 3560/14200/14200, mean rms=0.231%, delta=0.921%, BCER train=2.854%, BWER train=6.610%, skip ratio=0.000%, wrote checkpoint.
At iteration 3586/14300/14300, mean rms=0.235%, delta=1.081%, BCER train=2.814%, BWER train=6.671%, skip ratio=0.000%, wrote checkpoint.
At iteration 3610/14400/14400, mean rms=0.234%, delta=1.065%, BCER train=2.803%, BWER train=6.502%, skip ratio=0.000%, wrote checkpoint.
At iteration 3637/14500/14500, mean rms=0.237%, delta=1.080%, BCER train=2.850%, BWER train=6.836%, skip ratio=0.000%, wrote checkpoint.
At iteration 3656/14600/14600, mean rms=0.225%, delta=0.978%, BCER train=2.623%, BWER train=6.693%, skip ratio=0.000%, wrote checkpoint.
At iteration 3679/14700/14700, mean rms=0.221%, delta=0.943%, BCER train=2.501%, BWER train=6.372%, skip ratio=0.000%, wrote checkpoint.
At iteration 3697/14800/14800, mean rms=0.216%, delta=0.908%, BCER train=2.476%, BWER train=6.401%, skip ratio=0.000%, wrote checkpoint.
At iteration 3713/14900/14900, mean rms=0.213%, delta=0.894%, BCER train=2.412%, BWER train=6.148%, skip ratio=0.000%, wrote checkpoint.
At iteration 3734/15000/15000, mean rms=0.216%, delta=0.902%, BCER train=2.466%, BWER train=6.309%, skip ratio=0.000%, wrote checkpoint.
At iteration 3753/15100/15100, mean rms=0.214%, delta=0.827%, BCER train=2.459%, BWER train=6.440%, skip ratio=0.000%, wrote checkpoint.
At iteration 3771/15200/15200, mean rms=0.209%, delta=0.804%, BCER train=2.385%, BWER train=6.299%, skip ratio=0.000%, wrote checkpoint.
At iteration 3798/15300/15300, mean rms=0.208%, delta=0.634%, BCER train=2.385%, BWER train=6.396%, skip ratio=0.000%, wrote checkpoint.
At iteration 3821/15400/15400, mean rms=0.210%, delta=0.665%, BCER train=2.536%, BWER train=6.631%, skip ratio=0.000%, wrote checkpoint.
At iteration 3847/15500/15500, mean rms=0.206%, delta=0.629%, BCER train=2.383%, BWER train=6.208%, skip ratio=0.000%, wrote checkpoint.
At iteration 3873/15600/15600, mean rms=0.209%, delta=0.654%, BCER train=2.453%, BWER train=6.234%, skip ratio=0.000%, wrote checkpoint.
At iteration 3897/15700/15700, mean rms=0.207%, delta=0.635%, BCER train=2.366%, BWER train=6.247%, skip ratio=0.000%, wrote checkpoint.
2 Percent improvement time=3858, best error was 4.646 @ 58
Warning: LSTMTrainer deserialized an LSTMRecognizer!
At iteration 3916/15800/15800, mean rms=0.209%, delta=0.663%, BCER train=2.285%, BWER train=5.905%, skip ratio=0.000%, New best BCER = 2.285 wrote checkpoint.
At iteration 3942/15900/15900, mean rms=0.211%, delta=0.663%, BCER train=2.312%, BWER train=6.021%, skip ratio=0.000%, New worst BCER = 2.312 wrote checkpoint.
2 Percent improvement time=3905, best error was 4.646 @ 58
At iteration 3963/16000/16000, mean rms=0.212%, delta=0.662%, BCER train=2.284%, BWER train=5.976%, skip ratio=0.000%, New best BCER = 2.284 wrote checkpoint.
2 Percent improvement time=3920, best error was 4.646 @ 58
At iteration 3978/16100/16100, mean rms=0.208%, delta=0.676%, BCER train=2.168%, BWER train=5.591%, skip ratio=0.000%, New best BCER = 2.168 wrote best model:data/ZfN_only_v4/checkpoints/ZfN_only_v4_2.168_3978_16100.checkpoint wrote checkpoint.
At iteration 3996/16200/16200, mean rms=0.206%, delta=0.680%, BCER train=2.204%, BWER train=5.549%, skip ratio=0.000%, New worst BCER = 2.204 wrote checkpoint.
At iteration 4020/16300/16300, mean rms=0.205%, delta=0.665%, BCER train=2.215%, BWER train=5.607%, skip ratio=0.000%, New worst BCER = 2.215 wrote checkpoint.
At iteration 4044/16400/16400, mean rms=0.207%, delta=0.689%, BCER train=2.252%, BWER train=5.689%, skip ratio=0.000%, New worst BCER = 2.252 wrote checkpoint.
At iteration 4065/16500/16500, mean rms=0.203%, delta=0.663%, BCER train=2.169%, BWER train=5.531%, skip ratio=0.000%, New worst BCER = 2.169 wrote checkpoint.
2 Percent improvement time=4003, best error was 4.095 @ 86
At iteration 4089/16600/16600, mean rms=0.201%, delta=0.637%, BCER train=2.085%, BWER train=5.321%, skip ratio=0.000%, New best BCER = 2.085 wrote best model:data/ZfN_only_v4/checkpoints/ZfN_only_v4_2.085_4089_16600.checkpoint wrote checkpoint.
At iteration 4106/16700/16700, mean rms=0.200%, delta=0.646%, BCER train=2.161%, BWER train=5.218%, skip ratio=0.000%, New worst BCER = 2.161 wrote checkpoint.
At iteration 4133/16800/16800, mean rms=0.203%, delta=0.640%, BCER train=2.158%, BWER train=5.484%, skip ratio=0.000%, New worst BCER = 2.158 wrote checkpoint.
At iteration 4154/16900/16900, mean rms=0.205%, delta=0.678%, BCER train=2.265%, BWER train=5.570%, skip ratio=0.000%, New worst BCER = 2.265 wrote checkpoint.
At iteration 4175/17000/17000, mean rms=0.206%, delta=0.722%, BCER train=2.572%, BWER train=5.887%, skip ratio=0.000%, New worst BCER = 2.572 wrote checkpoint.
At iteration 4199/17100/17100, mean rms=0.214%, delta=0.760%, BCER train=2.710%, BWER train=6.154%, skip ratio=0.000%, New worst BCER = 2.710 wrote checkpoint.
At iteration 4221/17200/17200, mean rms=0.220%, delta=0.774%, BCER train=2.725%, BWER train=6.243%, skip ratio=0.000%, New worst BCER = 2.725 wrote checkpoint.
At iteration 4242/17300/17300, mean rms=0.216%, delta=0.780%, BCER train=2.674%, BWER train=5.929%, skip ratio=0.000%, New worst BCER = 2.674 wrote checkpoint.
At iteration 4266/17400/17400, mean rms=0.211%, delta=0.732%, BCER train=2.515%, BWER train=5.649%, skip ratio=0.000%, New worst BCER = 2.515 wrote checkpoint.
At iteration 4282/17500/17500, mean rms=0.209%, delta=0.717%, BCER train=2.571%, BWER train=5.594%, skip ratio=0.000%, New worst BCER = 2.571 wrote checkpoint.
At iteration 4301/17600/17600, mean rms=0.207%, delta=0.701%, BCER train=2.499%, BWER train=5.469%, skip ratio=0.000%, New worst BCER = 2.499 wrote checkpoint.
At iteration 4321/17700/17700, mean rms=0.215%, delta=0.789%, BCER train=2.640%, BWER train=5.769%, skip ratio=0.000%, New worst BCER = 2.640 wrote checkpoint.
At iteration 4337/17800/17800, mean rms=0.206%, delta=0.750%, BCER train=2.594%, BWER train=5.554%, skip ratio=0.000%, New worst BCER = 2.594 wrote checkpoint.
At iteration 4358/17900/17900, mean rms=0.203%, delta=0.735%, BCER train=2.614%, BWER train=5.555%, skip ratio=0.000%, New worst BCER = 2.614 wrote checkpoint.
At iteration 4391/18000/18000, mean rms=0.208%, delta=0.704%, BCER train=2.455%, BWER train=5.493%, skip ratio=0.000%, New worst BCER = 2.455 wrote checkpoint.
At iteration 4411/18100/18100, mean rms=0.202%, delta=0.662%, BCER train=2.307%, BWER train=5.250%, skip ratio=0.000%, New worst BCER = 2.307 wrote checkpoint.
At iteration 4435/18200/18200, mean rms=0.201%, delta=0.672%, BCER train=2.339%, BWER train=5.331%, skip ratio=0.000%, New worst BCER = 2.339 wrote checkpoint.
At iteration 4459/18300/18300, mean rms=0.200%, delta=0.631%, BCER train=2.265%, BWER train=5.288%, skip ratio=0.000%, New worst BCER = 2.265 wrote checkpoint.
At iteration 4481/18400/18400, mean rms=0.202%, delta=0.662%, BCER train=2.321%, BWER train=5.332%, skip ratio=0.000%, New worst BCER = 2.321 wrote checkpoint.
At iteration 4500/18500/18500, mean rms=0.207%, delta=0.691%, BCER train=2.326%, BWER train=5.496%, skip ratio=0.000%, New worst BCER = 2.326 wrote checkpoint.
At iteration 4521/18600/18600, mean rms=0.210%, delta=0.710%, BCER train=2.420%, BWER train=5.653%, skip ratio=0.000%, New worst BCER = 2.420 wrote checkpoint.
At iteration 4544/18700/18700, mean rms=0.206%, delta=0.635%, BCER train=2.269%, BWER train=5.551%, skip ratio=0.000%, New worst BCER = 2.269 wrote checkpoint.
At iteration 4569/18800/18800, mean rms=0.213%, delta=0.670%, BCER train=2.288%, BWER train=5.576%, skip ratio=0.000%, New worst BCER = 2.288 wrote checkpoint.
At iteration 4585/18900/18900, mean rms=0.211%, delta=0.689%, BCER train=2.211%, BWER train=5.416%, skip ratio=0.000%, New worst BCER = 2.211 wrote checkpoint.
2 Percent improvement time=4135, best error was 4.048 @ 466
At iteration 4601/19000/19000, mean rms=0.200%, delta=0.650%, BCER train=2.019%, BWER train=4.999%, skip ratio=0.000%, New best BCER = 2.019 wrote best model:data/ZfN_only_v4/checkpoints/ZfN_only_v4_2.019_4601_19000.checkpoint wrote checkpoint.
At iteration 4626/19100/19100, mean rms=0.203%, delta=0.665%, BCER train=2.058%, BWER train=5.148%, skip ratio=0.000%, New worst BCER = 2.058 wrote checkpoint.
2 Percent improvement time=4180, best error was 4.048 @ 466
At iteration 4646/19200/19200, mean rms=0.201%, delta=0.655%, BCER train=2.013%, BWER train=5.209%, skip ratio=0.000%, New best BCER = 2.013 wrote checkpoint.
At iteration 4672/19300/19300, mean rms=0.206%, delta=0.708%, BCER train=2.199%, BWER train=5.438%, skip ratio=0.000%, New worst BCER = 2.199 wrote checkpoint.
At iteration 4698/19400/19400, mean rms=0.214%, delta=0.824%, BCER train=2.521%, BWER train=5.964%, skip ratio=0.000%, New worst BCER = 2.521 wrote checkpoint.
At iteration 4722/19500/19500, mean rms=0.216%, delta=0.826%, BCER train=2.517%, BWER train=6.017%, skip ratio=0.000%, New worst BCER = 2.517 wrote checkpoint.
At iteration 4746/19600/19600, mean rms=0.217%, delta=0.859%, BCER train=2.629%, BWER train=6.213%, skip ratio=0.000%, New worst BCER = 2.629 wrote checkpoint.
At iteration 4765/19700/19700, mean rms=0.214%, delta=0.836%, BCER train=2.560%, BWER train=6.046%, skip ratio=0.000%, New worst BCER = 2.560 wrote checkpoint.
At iteration 4783/19800/19800, mean rms=0.211%, delta=0.852%, BCER train=2.625%, BWER train=6.159%, skip ratio=0.000%, New worst BCER = 2.625 wrote checkpoint.
At iteration 4801/19900/19900, mean rms=0.214%, delta=0.825%, BCER train=2.618%, BWER train=6.214%, skip ratio=0.000%, New worst BCER = 2.618 wrote checkpoint.
At iteration 4830/20000/20000, mean rms=0.227%, delta=1.049%, BCER train=2.747%, BWER train=6.498%, skip ratio=0.000%, New worst BCER = 2.747 wrote checkpoint.
At iteration 4854/20100/20100, mean rms=0.224%, delta=1.023%, BCER train=2.702%, BWER train=6.406%, skip ratio=0.000%, New worst BCER = 2.702 wrote checkpoint.
At iteration 4873/20200/20200, mean rms=0.224%, delta=1.022%, BCER train=2.761%, BWER train=6.284%, skip ratio=0.000%, New worst BCER = 2.761 wrote checkpoint.
At iteration 4899/20300/20300, mean rms=0.223%, delta=1.014%, BCER train=2.647%, BWER train=6.362%, skip ratio=0.000%, New worst BCER = 2.647 wrote checkpoint.
At iteration 4919/20400/20400, mean rms=0.210%, delta=0.859%, BCER train=2.219%, BWER train=5.933%, skip ratio=0.000%, New worst BCER = 2.219 wrote checkpoint.
At iteration 4940/20500/20500, mean rms=0.204%, delta=0.824%, BCER train=2.130%, BWER train=5.692%, skip ratio=0.000%, New worst BCER = 2.130 wrote checkpoint.
At iteration 4957/20600/20600, mean rms=0.201%, delta=0.791%, BCER train=2.044%, BWER train=5.670%, skip ratio=0.000%, New worst BCER = 2.044 wrote checkpoint.
At iteration 4974/20700/20700, mean rms=0.201%, delta=0.786%, BCER train=2.033%, BWER train=5.634%, skip ratio=0.000%, New worst BCER = 2.033 wrote checkpoint.
2 Percent improvement time=4526, best error was 4.048 @ 466
At iteration 4992/20800/20800, mean rms=0.199%, delta=0.744%, BCER train=1.919%, BWER train=5.432%, skip ratio=0.000%, New best BCER = 1.919 wrote best model:data/ZfN_only_v4/checkpoints/ZfN_only_v4_1.919_4992_20800.checkpoint wrote checkpoint.
2 Percent improvement time=4543, best error was 4.048 @ 466
At iteration 5009/20900/20900, mean rms=0.197%, delta=0.713%, BCER train=1.853%, BWER train=5.476%, skip ratio=0.000%, New best BCER = 1.853 wrote best model:data/ZfN_only_v4/checkpoints/ZfN_only_v4_1.853_5009_20900.checkpoint wrote checkpoint.
2 Percent improvement time=4539, best error was 3.783 @ 489
At iteration 5028/21000/21000, mean rms=0.186%, delta=0.487%, BCER train=1.675%, BWER train=5.146%, skip ratio=0.000%, New best BCER = 1.675 wrote best model:data/ZfN_only_v4/checkpoints/ZfN_only_v4_1.675_5028_21000.checkpoint wrote checkpoint.
At iteration 5051/21100/21100, mean rms=0.190%, delta=0.514%, BCER train=1.838%, BWER train=5.447%, skip ratio=0.000%, New worst BCER = 1.838 wrote checkpoint.
At iteration 5079/21200/21200, mean rms=0.197%, delta=0.569%, BCER train=2.075%, BWER train=5.889%, skip ratio=0.000%, New worst BCER = 2.075 wrote checkpoint.
At iteration 5099/21300/21300, mean rms=0.194%, delta=0.539%, BCER train=2.024%, BWER train=5.568%, skip ratio=0.000%, New worst BCER = 2.024 wrote checkpoint.
At iteration 5120/21400/21400, mean rms=0.193%, delta=0.538%, BCER train=2.029%, BWER train=5.412%, skip ratio=0.000%, New worst BCER = 2.029 wrote checkpoint.
At iteration 5141/21500/21500, mean rms=0.194%, delta=0.547%, BCER train=2.065%, BWER train=5.559%, skip ratio=0.000%, New worst BCER = 2.065 wrote checkpoint.
At iteration 5164/21600/21600, mean rms=0.198%, delta=0.577%, BCER train=2.074%, BWER train=5.466%, skip ratio=0.000%, New worst BCER = 2.074 wrote checkpoint.
At iteration 5186/21700/21700, mean rms=0.198%, delta=0.579%, BCER train=2.073%, BWER train=5.322%, skip ratio=0.000%, New worst BCER = 2.073 wrote checkpoint.
At iteration 5205/21800/21800, mean rms=0.200%, delta=0.597%, BCER train=2.131%, BWER train=5.545%, skip ratio=0.000%, New worst BCER = 2.131 wrote checkpoint.
At iteration 5219/21900/21900, mean rms=0.196%, delta=0.595%, BCER train=2.102%, BWER train=5.276%, skip ratio=0.000%, New worst BCER = 2.102 wrote checkpoint.
At iteration 5236/22000/22000, mean rms=0.194%, delta=0.598%, BCER train=2.137%, BWER train=5.233%, skip ratio=0.000%, New worst BCER = 2.137 wrote checkpoint.
At iteration 5263/22100/22100, mean rms=0.198%, delta=0.607%, BCER train=2.100%, BWER train=5.419%, skip ratio=0.000%, New worst BCER = 2.100 wrote checkpoint.
At iteration 5285/22200/22200, mean rms=0.194%, delta=0.593%, BCER train=1.992%, BWER train=5.175%, skip ratio=0.000%, New worst BCER = 1.992 wrote checkpoint.
At iteration 5304/22300/22300, mean rms=0.191%, delta=0.583%, BCER train=1.940%, BWER train=5.134%, skip ratio=0.000%, New worst BCER = 1.940 wrote checkpoint.
At iteration 5327/22400/22400, mean rms=0.193%, delta=0.581%, BCER train=2.017%, BWER train=5.204%, skip ratio=0.000%, New worst BCER = 2.017 wrote checkpoint.
At iteration 5341/22500/22500, mean rms=0.193%, delta=0.603%, BCER train=2.076%, BWER train=5.018%, skip ratio=0.000%, New worst BCER = 2.076 wrote checkpoint.
At iteration 5370/22600/22600, mean rms=0.195%, delta=0.604%, BCER train=2.089%, BWER train=5.134%, skip ratio=0.000%, New worst BCER = 2.089 wrote checkpoint.
At iteration 5383/22700/22700, mean rms=0.193%, delta=0.613%, BCER train=2.157%, BWER train=5.198%, skip ratio=0.000%, New worst BCER = 2.157 wrote checkpoint.
At iteration 5405/22800/22800, mean rms=0.196%, delta=0.640%, BCER train=2.498%, BWER train=5.465%, skip ratio=0.000%, New worst BCER = 2.498 wrote checkpoint.
At iteration 5429/22900/22900, mean rms=0.206%, delta=0.728%, BCER train=2.657%, BWER train=5.760%, skip ratio=0.000%, New worst BCER = 2.657 wrote checkpoint.
At iteration 5451/23000/23000, mean rms=0.211%, delta=0.744%, BCER train=2.662%, BWER train=5.852%, skip ratio=0.000%, New worst BCER = 2.662 wrote checkpoint.
At iteration 5468/23100/23100, mean rms=0.204%, delta=0.737%, BCER train=2.614%, BWER train=5.363%, skip ratio=0.000%, New worst BCER = 2.614 wrote checkpoint.
At iteration 5490/23200/23200, mean rms=0.202%, delta=0.689%, BCER train=2.501%, BWER train=5.225%, skip ratio=0.000%, New worst BCER = 2.501 wrote checkpoint.
At iteration 5506/23300/23300, mean rms=0.200%, delta=0.675%, BCER train=2.464%, BWER train=5.097%, skip ratio=0.000%, New worst BCER = 2.464 wrote checkpoint.
At iteration 5523/23400/23400, mean rms=0.197%, delta=0.654%, BCER train=2.314%, BWER train=4.817%, skip ratio=0.000%, New worst BCER = 2.314 wrote checkpoint.
At iteration 5542/23500/23500, mean rms=0.205%, delta=0.841%, BCER train=2.367%, BWER train=5.229%, skip ratio=0.000%, New worst BCER = 2.367 wrote checkpoint.
At iteration 5555/23600/23600, mean rms=0.194%, delta=0.793%, BCER train=2.289%, BWER train=4.897%, skip ratio=0.000%, New worst BCER = 2.289 wrote checkpoint.
At iteration 5578/23700/23700, mean rms=0.197%, delta=0.816%, BCER train=2.366%, BWER train=5.120%, skip ratio=0.000%, New worst BCER = 2.366 wrote checkpoint.
At iteration 5611/23800/23800, mean rms=0.201%, delta=0.814%, BCER train=2.244%, BWER train=5.147%, skip ratio=0.000%, New worst BCER = 2.244 wrote checkpoint.
At iteration 5631/23900/23900, mean rms=0.195%, delta=0.735%, BCER train=2.122%, BWER train=4.965%, skip ratio=0.000%, New worst BCER = 2.122 wrote checkpoint.
At iteration 5653/24000/24000, mean rms=0.194%, delta=0.739%, BCER train=2.149%, BWER train=5.039%, skip ratio=0.000%, New worst BCER = 2.149 wrote checkpoint.
At iteration 5678/24100/24100, mean rms=0.194%, delta=0.712%, BCER train=2.086%, BWER train=5.053%, skip ratio=0.000%, New worst BCER = 2.086 wrote checkpoint.
At iteration 5700/24200/24200, mean rms=0.194%, delta=0.746%, BCER train=2.124%, BWER train=5.059%, skip ratio=0.000%, New worst BCER = 2.124 wrote checkpoint.
At iteration 5718/24300/24300, mean rms=0.200%, delta=0.772%, BCER train=2.234%, BWER train=5.247%, skip ratio=0.000%, New worst BCER = 2.234 wrote checkpoint.
At iteration 5735/24400/24400, mean rms=0.199%, delta=0.779%, BCER train=2.245%, BWER train=5.260%, skip ratio=0.000%, New worst BCER = 2.245 wrote checkpoint.
At iteration 5761/24500/24500, mean rms=0.197%, delta=0.611%, BCER train=2.222%, BWER train=5.236%, skip ratio=0.000%, New worst BCER = 2.222 wrote checkpoint.
At iteration 5780/24600/24600, mean rms=0.203%, delta=0.641%, BCER train=2.215%, BWER train=5.317%, skip ratio=0.000%, New worst BCER = 2.215 wrote checkpoint.
At iteration 5801/24700/24700, mean rms=0.201%, delta=0.653%, BCER train=2.146%, BWER train=5.165%, skip ratio=0.000%, New worst BCER = 2.146 wrote checkpoint.
At iteration 5814/24800/24800, mean rms=0.189%, delta=0.594%, BCER train=1.849%, BWER train=4.586%, skip ratio=0.000%, New worst BCER = 1.849 wrote checkpoint.
At iteration 5839/24900/24900, mean rms=0.195%, delta=0.637%, BCER train=2.035%, BWER train=5.056%, skip ratio=0.000%, New worst BCER = 2.035 wrote checkpoint.
At iteration 5860/25000/25000, mean rms=0.194%, delta=0.628%, BCER train=2.033%, BWER train=5.142%, skip ratio=0.000%, New worst BCER = 2.033 wrote checkpoint.
At iteration 5885/25100/25100, mean rms=0.200%, delta=0.712%, BCER train=2.201%, BWER train=5.415%, skip ratio=0.000%, New worst BCER = 2.201 wrote checkpoint.
At iteration 5908/25200/25200, mean rms=0.204%, delta=0.737%, BCER train=2.263%, BWER train=5.560%, skip ratio=0.000%, New worst BCER = 2.263 wrote checkpoint.
At iteration 5932/25300/25300, mean rms=0.204%, delta=0.732%, BCER train=2.271%, BWER train=5.599%, skip ratio=0.000%, New worst BCER = 2.271 wrote checkpoint.
At iteration 5953/25400/25400, mean rms=0.209%, delta=0.776%, BCER train=2.456%, BWER train=6.010%, skip ratio=0.000%, New worst BCER = 2.456 wrote checkpoint.
At iteration 5972/25500/25500, mean rms=0.206%, delta=0.771%, BCER train=2.428%, BWER train=5.776%, skip ratio=0.000%, New worst BCER = 2.428 wrote checkpoint.
At iteration 5985/25600/25600, mean rms=0.203%, delta=0.762%, BCER train=2.468%, BWER train=5.800%, skip ratio=0.000%, New worst BCER = 2.468 wrote checkpoint.
At iteration 6007/25700/25700, mean rms=0.204%, delta=0.733%, BCER train=2.420%, BWER train=5.802%, skip ratio=0.000%, New worst BCER = 2.420 wrote checkpoint.
Warning: LSTMTrainer deserialized an LSTMRecognizer!
At iteration 6034/25800/25800, mean rms=0.218%, delta=0.960%, BCER train=2.557%, BWER train=6.068%, skip ratio=0.000%, New worst BCER = 2.557At iteration 3491, stage 1, BCER eval=2.959, BWER eval=7.131 wrote checkpoint.
At iteration 6058/25900/25900, mean rms=0.212%, delta=0.914%, BCER train=2.376%, BWER train=5.680%, skip ratio=0.000%, wrote checkpoint.
At iteration 6078/26000/26000, mean rms=0.212%, delta=0.922%, BCER train=2.414%, BWER train=5.567%, skip ratio=0.000%, wrote checkpoint.
At iteration 6099/26100/26100, mean rms=0.207%, delta=0.854%, BCER train=2.277%, BWER train=5.553%, skip ratio=0.000%, wrote checkpoint.
At iteration 6118/26200/26200, mean rms=0.201%, delta=0.787%, BCER train=2.086%, BWER train=5.305%, skip ratio=0.000%, wrote checkpoint.
At iteration 6135/26300/26300, mean rms=0.194%, delta=0.755%, BCER train=1.960%, BWER train=5.064%, skip ratio=0.000%, wrote checkpoint.
At iteration 6153/26400/26400, mean rms=0.192%, delta=0.727%, BCER train=1.864%, BWER train=4.964%, skip ratio=0.000%, wrote checkpoint.
At iteration 6173/26500/26500, mean rms=0.189%, delta=0.702%, BCER train=1.835%, BWER train=5.095%, skip ratio=0.000%, wrote checkpoint.
At iteration 6191/26600/26600, mean rms=0.193%, delta=0.694%, BCER train=1.790%, BWER train=5.067%, skip ratio=0.000%, wrote checkpoint.
At iteration 6207/26700/26700, mean rms=0.190%, delta=0.669%, BCER train=1.734%, BWER train=5.056%, skip ratio=0.000%, wrote checkpoint.
2 Percent improvement time=5736, best error was 3.783 @ 489
Warning: LSTMTrainer deserialized an LSTMRecognizer!
At iteration 6225/26800/26800, mean rms=0.179%, delta=0.444%, BCER train=1.590%, BWER train=4.901%, skip ratio=0.000%, New best BCER = 1.590At iteration 5028, stage 1, BCER eval=2.863, BWER eval=6.750 wrote best model:data/ZfN_only_v4/checkpoints/ZfN_only_v4_1.590_6225_26800.checkpoint wrote checkpoint.
At iteration 6248/26900/26900, mean rms=0.183%, delta=0.482%, BCER train=1.735%, BWER train=5.102%, skip ratio=0.000%, New worst BCER = 1.735 wrote checkpoint.
At iteration 6275/27000/27000, mean rms=0.186%, delta=0.493%, BCER train=1.746%, BWER train=5.299%, skip ratio=0.000%, New worst BCER = 1.746 wrote checkpoint.
At iteration 6294/27100/27100, mean rms=0.182%, delta=0.456%, BCER train=1.652%, BWER train=5.001%, skip ratio=0.000%, New worst BCER = 1.652 wrote checkpoint.
At iteration 6310/27200/27200, mean rms=0.181%, delta=0.459%, BCER train=1.708%, BWER train=5.139%, skip ratio=0.000%, New worst BCER = 1.708 wrote checkpoint.
At iteration 6330/27300/27300, mean rms=0.184%, delta=0.474%, BCER train=1.750%, BWER train=5.232%, skip ratio=0.000%, New worst BCER = 1.750 wrote checkpoint.
At iteration 6354/27400/27400, mean rms=0.188%, delta=0.504%, BCER train=1.756%, BWER train=5.198%, skip ratio=0.000%, New worst BCER = 1.756 wrote checkpoint.
At iteration 6377/27500/27500, mean rms=0.189%, delta=0.510%, BCER train=1.744%, BWER train=5.113%, skip ratio=0.000%, New worst BCER = 1.744 wrote checkpoint.
At iteration 6391/27600/27600, mean rms=0.186%, delta=0.507%, BCER train=1.740%, BWER train=5.065%, skip ratio=0.000%, New worst BCER = 1.740 wrote checkpoint.
At iteration 6407/27700/27700, mean rms=0.187%, delta=0.528%, BCER train=1.776%, BWER train=4.980%, skip ratio=0.000%, New worst BCER = 1.776 wrote checkpoint.
At iteration 6422/27800/27800, mean rms=0.185%, delta=0.524%, BCER train=1.762%, BWER train=4.765%, skip ratio=0.000%, New worst BCER = 1.762 wrote checkpoint.
At iteration 6451/27900/27900, mean rms=0.191%, delta=0.547%, BCER train=1.887%, BWER train=5.210%, skip ratio=0.000%, New worst BCER = 1.887 wrote checkpoint.
At iteration 6468/28000/28000, mean rms=0.187%, delta=0.564%, BCER train=1.877%, BWER train=5.078%, skip ratio=0.000%, New worst BCER = 1.877 wrote checkpoint.
At iteration 6489/28100/28100, mean rms=0.187%, delta=0.571%, BCER train=1.884%, BWER train=5.099%, skip ratio=0.000%, New worst BCER = 1.884 wrote checkpoint.
At iteration 6508/28200/28200, mean rms=0.186%, delta=0.553%, BCER train=1.836%, BWER train=4.889%, skip ratio=0.000%, New worst BCER = 1.836 wrote checkpoint.
At iteration 6531/28300/28300, mean rms=0.194%, delta=0.610%, BCER train=2.019%, BWER train=5.051%, skip ratio=0.000%, New worst BCER = 2.019 wrote checkpoint.
At iteration 6554/28400/28400, mean rms=0.195%, delta=0.613%, BCER train=2.105%, BWER train=5.137%, skip ratio=0.000%, New worst BCER = 2.105 wrote checkpoint.
At iteration 6565/28500/28500, mean rms=0.189%, delta=0.584%, BCER train=2.028%, BWER train=4.899%, skip ratio=0.000%, New worst BCER = 2.028 wrote checkpoint.
At iteration 6583/28600/28600, mean rms=0.192%, delta=0.602%, BCER train=2.118%, BWER train=5.001%, skip ratio=0.000%, New worst BCER = 2.118 wrote checkpoint.
At iteration 6606/28700/28700, mean rms=0.199%, delta=0.656%, BCER train=2.196%, BWER train=5.133%, skip ratio=0.000%, New worst BCER = 2.196 wrote checkpoint.
At iteration 6627/28800/28800, mean rms=0.203%, delta=0.681%, BCER train=2.235%, BWER train=5.369%, skip ratio=0.000%, New worst BCER = 2.235 wrote checkpoint.
At iteration 6646/28900/28900, mean rms=0.197%, delta=0.665%, BCER train=2.123%, BWER train=4.893%, skip ratio=0.000%, New worst BCER = 2.123 wrote checkpoint.
At iteration 6667/29000/29000, mean rms=0.195%, delta=0.606%, BCER train=2.024%, BWER train=4.744%, skip ratio=0.000%, New worst BCER = 2.024 wrote checkpoint.
At iteration 6681/29100/29100, mean rms=0.193%, delta=0.603%, BCER train=2.010%, BWER train=4.589%, skip ratio=0.000%, New worst BCER = 2.010 wrote checkpoint.
At iteration 6695/29200/29200, mean rms=0.193%, delta=0.599%, BCER train=1.954%, BWER train=4.536%, skip ratio=0.000%, New worst BCER = 1.954 wrote checkpoint.
At iteration 6710/29300/29300, mean rms=0.193%, delta=0.654%, BCER train=1.932%, BWER train=4.793%, skip ratio=0.000%, New worst BCER = 1.932 wrote checkpoint.
At iteration 6723/29400/29400, mean rms=0.181%, delta=0.592%, BCER train=1.707%, BWER train=4.343%, skip ratio=0.000%, New worst BCER = 1.707 wrote checkpoint.
At iteration 6750/29500/29500, mean rms=0.189%, delta=0.631%, BCER train=1.818%, BWER train=4.722%, skip ratio=0.000%, New worst BCER = 1.818 wrote checkpoint.
At iteration 6773/29600/29600, mean rms=0.192%, delta=0.633%, BCER train=1.828%, BWER train=4.781%, skip ratio=0.000%, New worst BCER = 1.828 wrote checkpoint.
At iteration 6794/29700/29700, mean rms=0.185%, delta=0.562%, BCER train=1.718%, BWER train=4.625%, skip ratio=0.000%, New worst BCER = 1.718 wrote checkpoint.
At iteration 6816/29800/29800, mean rms=0.186%, delta=0.564%, BCER train=1.747%, BWER train=4.689%, skip ratio=0.000%, New worst BCER = 1.747 wrote checkpoint.
2 Percent improvement time=6347, best error was 3.783 @ 489
At iteration 6836/29900/29900, mean rms=0.181%, delta=0.522%, BCER train=1.589%, BWER train=4.486%, skip ratio=0.000%, New best BCER = 1.589 wrote checkpoint.
At iteration 6855/30000/30000, mean rms=0.185%, delta=0.563%, BCER train=1.706%, BWER train=4.632%, skip ratio=0.000%, New worst BCER = 1.706 wrote checkpoint.
At iteration 6873/30100/30100, mean rms=0.189%, delta=0.583%, BCER train=1.764%, BWER train=4.768%, skip ratio=0.000%, New worst BCER = 1.764 wrote checkpoint.
At iteration 6892/30200/30200, mean rms=0.191%, delta=0.601%, BCER train=1.827%, BWER train=4.804%, skip ratio=0.000%, New worst BCER = 1.827 wrote checkpoint.
At iteration 6915/30300/30300, mean rms=0.188%, delta=0.513%, BCER train=1.742%, BWER train=4.694%, skip ratio=0.000%, New worst BCER = 1.742 wrote checkpoint.
At iteration 6934/30400/30400, mean rms=0.195%, delta=0.551%, BCER train=1.861%, BWER train=4.927%, skip ratio=0.000%, New worst BCER = 1.861 wrote checkpoint.
At iteration 6948/30500/30500, mean rms=0.188%, delta=0.567%, BCER train=1.842%, BWER train=4.634%, skip ratio=0.000%, New worst BCER = 1.842 wrote checkpoint.
At iteration 6966/30600/30600, mean rms=0.183%, delta=0.545%, BCER train=1.764%, BWER train=4.548%, skip ratio=0.000%, New worst BCER = 1.764 wrote checkpoint.
At iteration 6987/30700/30700, mean rms=0.188%, delta=0.567%, BCER train=1.844%, BWER train=4.844%, skip ratio=0.000%, New worst BCER = 1.844 wrote checkpoint.
At iteration 7007/30800/30800, mean rms=0.186%, delta=0.573%, BCER train=1.844%, BWER train=4.765%, skip ratio=0.000%, New worst BCER = 1.844 wrote checkpoint.
At iteration 7029/30900/30900, mean rms=0.193%, delta=0.644%, BCER train=1.984%, BWER train=4.975%, skip ratio=0.000%, New worst BCER = 1.984 wrote checkpoint.
At iteration 7055/31000/31000, mean rms=0.199%, delta=0.689%, BCER train=2.203%, BWER train=5.274%, skip ratio=0.000%, New worst BCER = 2.203 wrote checkpoint.
At iteration 7078/31100/31100, mean rms=0.203%, delta=0.730%, BCER train=2.270%, BWER train=5.444%, skip ratio=0.000%, New worst BCER = 2.270 wrote checkpoint.
At iteration 7096/31200/31200, mean rms=0.202%, delta=0.736%, BCER train=2.366%, BWER train=5.757%, skip ratio=0.000%, New worst BCER = 2.366 wrote checkpoint.
At iteration 7114/31300/31300, mean rms=0.199%, delta=0.741%, BCER train=2.330%, BWER train=5.462%, skip ratio=0.000%, New worst BCER = 2.330 wrote checkpoint.
At iteration 7131/31400/31400, mean rms=0.196%, delta=0.743%, BCER train=2.355%, BWER train=5.536%, skip ratio=0.000%, New worst BCER = 2.355 wrote checkpoint.
At iteration 7153/31500/31500, mean rms=0.201%, delta=0.722%, BCER train=2.335%, BWER train=5.608%, skip ratio=0.000%, New worst BCER = 2.335 wrote checkpoint.
At iteration 7177/31600/31600, mean rms=0.211%, delta=0.933%, BCER train=2.426%, BWER train=5.768%, skip ratio=0.000%, New worst BCER = 2.426 wrote checkpoint.
At iteration 7195/31700/31700, mean rms=0.204%, delta=0.898%, BCER train=2.315%, BWER train=5.311%, skip ratio=0.000%, New worst BCER = 2.315 wrote checkpoint.
At iteration 7220/31800/31800, mean rms=0.209%, delta=0.912%, BCER train=2.396%, BWER train=5.509%, skip ratio=0.000%, New worst BCER = 2.396 wrote checkpoint.
At iteration 7234/31900/31900, mean rms=0.202%, delta=0.849%, BCER train=2.262%, BWER train=5.281%, skip ratio=0.000%, New worst BCER = 2.262 wrote checkpoint.
At iteration 7251/32000/32000, mean rms=0.190%, delta=0.759%, BCER train=1.918%, BWER train=4.862%, skip ratio=0.000%, New worst BCER = 1.918 wrote checkpoint.
At iteration 7270/32100/32100, mean rms=0.186%, delta=0.710%, BCER train=1.879%, BWER train=4.851%, skip ratio=0.000%, New worst BCER = 1.879 wrote checkpoint.
At iteration 7282/32200/32200, mean rms=0.183%, delta=0.687%, BCER train=1.734%, BWER train=4.487%, skip ratio=0.000%, New worst BCER = 1.734 wrote checkpoint.
At iteration 7300/32300/32300, mean rms=0.183%, delta=0.668%, BCER train=1.707%, BWER train=4.556%, skip ratio=0.000%, New worst BCER = 1.707 wrote checkpoint.
At iteration 7316/32400/32400, mean rms=0.184%, delta=0.649%, BCER train=1.628%, BWER train=4.457%, skip ratio=0.000%, New worst BCER = 1.628 wrote checkpoint.
At iteration 7337/32500/32500, mean rms=0.182%, delta=0.636%, BCER train=1.612%, BWER train=4.548%, skip ratio=0.000%, New worst BCER = 1.612 wrote checkpoint.
2 Percent improvement time=6864, best error was 3.783 @ 489
At iteration 7353/32600/32600, mean rms=0.172%, delta=0.416%, BCER train=1.478%, BWER train=4.288%, skip ratio=0.000%, New best BCER = 1.478 wrote best model:data/ZfN_only_v4/checkpoints/ZfN_only_v4_1.478_7353_32600.checkpoint wrote checkpoint.
At iteration 7379/32700/32700, mean rms=0.180%, delta=0.475%, BCER train=1.696%, BWER train=4.864%, skip ratio=0.000%, New worst BCER = 1.696 wrote checkpoint.
At iteration 7403/32800/32800, mean rms=0.176%, delta=0.460%, BCER train=1.615%, BWER train=4.746%, skip ratio=0.000%, New worst BCER = 1.615 wrote checkpoint.
At iteration 7424/32900/32900, mean rms=0.177%, delta=0.453%, BCER train=1.607%, BWER train=4.845%, skip ratio=0.000%, New worst BCER = 1.607 wrote checkpoint.
At iteration 7439/33000/33000, mean rms=0.180%, delta=0.470%, BCER train=1.684%, BWER train=4.974%, skip ratio=0.000%, New worst BCER = 1.684 wrote checkpoint.
At iteration 7454/33100/33100, mean rms=0.178%, delta=0.465%, BCER train=1.631%, BWER train=4.569%, skip ratio=0.000%, New worst BCER = 1.631 wrote checkpoint.
At iteration 7476/33200/33200, mean rms=0.183%, delta=0.491%, BCER train=1.721%, BWER train=4.832%, skip ratio=0.000%, New worst BCER = 1.721 wrote checkpoint.
At iteration 7497/33300/33300, mean rms=0.184%, delta=0.506%, BCER train=1.758%, BWER train=4.889%, skip ratio=0.000%, New worst BCER = 1.758 wrote checkpoint.
At iteration 7510/33400/33400, mean rms=0.182%, delta=0.504%, BCER train=1.762%, BWER train=4.839%, skip ratio=0.000%, New worst BCER = 1.762 wrote checkpoint.
At iteration 7529/33500/33500, mean rms=0.180%, delta=0.508%, BCER train=1.732%, BWER train=4.631%, skip ratio=0.000%, New worst BCER = 1.732 wrote checkpoint.
At iteration 7546/33600/33600, mean rms=0.181%, delta=0.515%, BCER train=1.774%, BWER train=4.695%, skip ratio=0.000%, New worst BCER = 1.774 wrote checkpoint.
At iteration 7572/33700/33700, mean rms=0.181%, delta=0.498%, BCER train=1.727%, BWER train=4.707%, skip ratio=0.000%, New worst BCER = 1.727 wrote checkpoint.
At iteration 7590/33800/33800, mean rms=0.179%, delta=0.498%, BCER train=1.712%, BWER train=4.614%, skip ratio=0.000%, New worst BCER = 1.712 wrote checkpoint.
At iteration 7607/33900/33900, mean rms=0.176%, delta=0.477%, BCER train=1.655%, BWER train=4.496%, skip ratio=0.000%, New worst BCER = 1.655 wrote checkpoint.
At iteration 7622/34000/34000, mean rms=0.177%, delta=0.477%, BCER train=1.715%, BWER train=4.303%, skip ratio=0.000%, New worst BCER = 1.715 wrote checkpoint.
At iteration 7644/34100/34100, mean rms=0.181%, delta=0.497%, BCER train=1.748%, BWER train=4.610%, skip ratio=0.000%, New worst BCER = 1.748 wrote checkpoint.
At iteration 7666/34200/34200, mean rms=0.185%, delta=0.522%, BCER train=1.819%, BWER train=4.632%, skip ratio=0.000%, New worst BCER = 1.819 wrote checkpoint.
At iteration 7681/34300/34300, mean rms=0.182%, delta=0.520%, BCER train=1.809%, BWER train=4.505%, skip ratio=0.000%, New worst BCER = 1.809 wrote checkpoint.
At iteration 7698/34400/34400, mean rms=0.185%, delta=0.531%, BCER train=1.807%, BWER train=4.510%, skip ratio=0.000%, New worst BCER = 1.807 wrote checkpoint.
At iteration 7720/34500/34500, mean rms=0.192%, delta=0.635%, BCER train=2.018%, BWER train=4.781%, skip ratio=0.000%, New worst BCER = 2.018 wrote checkpoint.
At iteration 7741/34600/34600, mean rms=0.195%, delta=0.658%, BCER train=2.025%, BWER train=4.822%, skip ratio=0.000%, New worst BCER = 2.025 wrote checkpoint.
At iteration 7763/34700/34700, mean rms=0.191%, delta=0.657%, BCER train=2.006%, BWER train=4.562%, skip ratio=0.000%, New worst BCER = 2.006 wrote checkpoint.
At iteration 7781/34800/34800, mean rms=0.193%, delta=0.664%, BCER train=2.162%, BWER train=4.531%, skip ratio=0.000%, New worst BCER = 2.162 wrote checkpoint.
At iteration 7794/34900/34900, mean rms=0.191%, delta=0.663%, BCER train=2.145%, BWER train=4.450%, skip ratio=0.000%, New worst BCER = 2.145 wrote checkpoint.
At iteration 7807/35000/35000, mean rms=0.189%, delta=0.651%, BCER train=2.007%, BWER train=4.411%, skip ratio=0.000%, New worst BCER = 2.007 wrote checkpoint.
At iteration 7823/35100/35100, mean rms=0.191%, delta=0.829%, BCER train=2.106%, BWER train=4.594%, skip ratio=0.000%, New worst BCER = 2.106 wrote checkpoint.
At iteration 7840/35200/35200, mean rms=0.182%, delta=0.774%, BCER train=1.941%, BWER train=4.337%, skip ratio=0.000%, New worst BCER = 1.941 wrote checkpoint.
At iteration 7867/35300/35300, mean rms=0.188%, delta=0.796%, BCER train=2.012%, BWER train=4.449%, skip ratio=0.000%, New worst BCER = 2.012 wrote checkpoint.
At iteration 7888/35400/35400, mean rms=0.189%, delta=0.800%, BCER train=2.058%, BWER train=4.509%, skip ratio=0.000%, New worst BCER = 2.058 wrote checkpoint.
At iteration 7910/35500/35500, mean rms=0.183%, delta=0.687%, BCER train=1.858%, BWER train=4.260%, skip ratio=0.000%, New worst BCER = 1.858 wrote checkpoint.
At iteration 7931/35600/35600, mean rms=0.182%, delta=0.675%, BCER train=1.865%, BWER train=4.326%, skip ratio=0.000%, New worst BCER = 1.865 wrote checkpoint.
At iteration 7952/35700/35700, mean rms=0.181%, delta=0.667%, BCER train=1.798%, BWER train=4.222%, skip ratio=0.000%, New worst BCER = 1.798 wrote checkpoint.
At iteration 7968/35800/35800, mean rms=0.178%, delta=0.656%, BCER train=1.638%, BWER train=4.176%, skip ratio=0.000%, New worst BCER = 1.638 wrote checkpoint.
At iteration 7985/35900/35900, mean rms=0.183%, delta=0.676%, BCER train=1.696%, BWER train=4.338%, skip ratio=0.000%, New worst BCER = 1.696 wrote checkpoint.
At iteration 8003/36000/36000, mean rms=0.185%, delta=0.689%, BCER train=1.746%, BWER train=4.455%, skip ratio=0.000%, New worst BCER = 1.746 wrote checkpoint.
At iteration 8025/36100/36100, mean rms=0.184%, delta=0.519%, BCER train=1.698%, BWER train=4.412%, skip ratio=0.000%, New worst BCER = 1.698 wrote checkpoint.
At iteration 8045/36200/36200, mean rms=0.188%, delta=0.548%, BCER train=1.759%, BWER train=4.489%, skip ratio=0.000%, New worst BCER = 1.759 wrote checkpoint.
At iteration 8059/36300/36300, mean rms=0.182%, delta=0.559%, BCER train=1.731%, BWER train=4.438%, skip ratio=0.000%, New worst BCER = 1.731 wrote checkpoint.
At iteration 8078/36400/36400, mean rms=0.180%, delta=0.543%, BCER train=1.699%, BWER train=4.400%, skip ratio=0.000%, New worst BCER = 1.699 wrote checkpoint.
At iteration 8096/36500/36500, mean rms=0.181%, delta=0.559%, BCER train=1.727%, BWER train=4.593%, skip ratio=0.000%, New worst BCER = 1.727 wrote checkpoint.
At iteration 8115/36600/36600, mean rms=0.182%, delta=0.572%, BCER train=1.736%, BWER train=4.433%, skip ratio=0.000%, New worst BCER = 1.736 wrote checkpoint.
At iteration 8142/36700/36700, mean rms=0.190%, delta=0.644%, BCER train=1.925%, BWER train=4.708%, skip ratio=0.000%, New worst BCER = 1.925 wrote checkpoint.
At iteration 8162/36800/36800, mean rms=0.194%, delta=0.647%, BCER train=2.023%, BWER train=4.938%, skip ratio=0.000%, New worst BCER = 2.023 wrote checkpoint.
At iteration 8183/36900/36900, mean rms=0.197%, delta=0.677%, BCER train=2.060%, BWER train=4.934%, skip ratio=0.000%, New worst BCER = 2.060 wrote checkpoint.
At iteration 8199/37000/37000, mean rms=0.196%, delta=0.672%, BCER train=2.054%, BWER train=4.975%, skip ratio=0.000%, New worst BCER = 2.054 wrote checkpoint.
At iteration 8216/37100/37100, mean rms=0.192%, delta=0.653%, BCER train=1.976%, BWER train=4.758%, skip ratio=0.000%, New worst BCER = 1.976 wrote checkpoint.
At iteration 8233/37200/37200, mean rms=0.192%, delta=0.665%, BCER train=2.068%, BWER train=4.937%, skip ratio=0.000%, New worst BCER = 2.068 wrote checkpoint.
At iteration 8256/37300/37300, mean rms=0.196%, delta=0.633%, BCER train=2.007%, BWER train=4.895%, skip ratio=0.000%, New worst BCER = 2.007 wrote checkpoint.
At iteration 8275/37400/37400, mean rms=0.200%, delta=0.823%, BCER train=2.057%, BWER train=4.960%, skip ratio=0.000%, New worst BCER = 2.057 wrote checkpoint.
At iteration 8295/37500/37500, mean rms=0.198%, delta=0.796%, BCER train=2.042%, BWER train=4.683%, skip ratio=0.000%, New worst BCER = 2.042 wrote checkpoint.
At iteration 8314/37600/37600, mean rms=0.200%, delta=0.803%, BCER train=2.077%, BWER train=4.906%, skip ratio=0.000%, New worst BCER = 2.077 wrote checkpoint.
At iteration 8330/37700/37700, mean rms=0.189%, delta=0.707%, BCER train=1.808%, BWER train=4.567%, skip ratio=0.000%, New worst BCER = 1.808 wrote checkpoint.
At iteration 8347/37800/37800, mean rms=0.183%, delta=0.673%, BCER train=1.658%, BWER train=4.274%, skip ratio=0.000%, New worst BCER = 1.658 wrote checkpoint.
Warning: LSTMTrainer deserialized an LSTMRecognizer!
At iteration 8362/37900/37900, mean rms=0.179%, delta=0.638%, BCER train=1.664%, BWER train=4.436%, skip ratio=0.000%, New worst BCER = 1.664At iteration 6034, stage 1, BCER eval=2.871, BWER eval=6.630 wrote checkpoint.
At iteration 8374/38000/38000, mean rms=0.176%, delta=0.626%, BCER train=1.618%, BWER train=4.236%, skip ratio=0.000%, wrote checkpoint.
At iteration 8392/38100/38100, mean rms=0.176%, delta=0.617%, BCER train=1.619%, BWER train=4.271%, skip ratio=0.000%, wrote checkpoint.
At iteration 8408/38200/38200, mean rms=0.174%, delta=0.578%, BCER train=1.492%, BWER train=4.174%, skip ratio=0.000%, wrote checkpoint.
2 Percent improvement time=7936, best error was 3.783 @ 489
Warning: LSTMTrainer deserialized an LSTMRecognizer!
At iteration 8425/38300/38300, mean rms=0.169%, delta=0.560%, BCER train=1.451%, BWER train=4.083%, skip ratio=0.000%, New best BCER = 1.451At iteration 7353, stage 1, BCER eval=2.745, BWER eval=6.318 wrote checkpoint.
2 Percent improvement time=7554, best error was 3.433 @ 893
At iteration 8447/38400/38400, mean rms=0.167%, delta=0.385%, BCER train=1.421%, BWER train=4.082%, skip ratio=0.000%, New best BCER = 1.421 wrote best model:data/ZfN_only_v4/checkpoints/ZfN_only_v4_1.421_8447_38400.checkpoint wrote checkpoint.
At iteration 8466/38500/38500, mean rms=0.169%, delta=0.407%, BCER train=1.486%, BWER train=4.338%, skip ratio=0.000%, New worst BCER = 1.486 wrote checkpoint.
At iteration 8488/38600/38600, mean rms=0.167%, delta=0.395%, BCER train=1.449%, BWER train=4.270%, skip ratio=0.000%, New worst BCER = 1.449 wrote checkpoint.
At iteration 8507/38700/38700, mean rms=0.166%, delta=0.388%, BCER train=1.465%, BWER train=4.359%, skip ratio=0.000%, New worst BCER = 1.465 wrote checkpoint.
At iteration 8528/38800/38800, mean rms=0.170%, delta=0.409%, BCER train=1.571%, BWER train=4.611%, skip ratio=0.000%, New worst BCER = 1.571 wrote checkpoint.
At iteration 8543/38900/38900, mean rms=0.171%, delta=0.416%, BCER train=1.511%, BWER train=4.303%, skip ratio=0.000%, New worst BCER = 1.511 wrote checkpoint.
At iteration 8562/39000/39000, mean rms=0.175%, delta=0.424%, BCER train=1.547%, BWER train=4.411%, skip ratio=0.000%, New worst BCER = 1.547 wrote checkpoint.
At iteration 8582/39100/39100, mean rms=0.177%, delta=0.444%, BCER train=1.569%, BWER train=4.520%, skip ratio=0.000%, New worst BCER = 1.569 wrote checkpoint.
At iteration 8595/39200/39200, mean rms=0.176%, delta=0.452%, BCER train=1.557%, BWER train=4.383%, skip ratio=0.000%, New worst BCER = 1.557 wrote checkpoint.
At iteration 8610/39300/39300, mean rms=0.174%, delta=0.456%, BCER train=1.562%, BWER train=4.339%, skip ratio=0.000%, New worst BCER = 1.562 wrote checkpoint.
At iteration 8627/39400/39400, mean rms=0.172%, delta=0.443%, BCER train=1.533%, BWER train=4.311%, skip ratio=0.000%, New worst BCER = 1.533 wrote checkpoint.
At iteration 8653/39500/39500, mean rms=0.176%, delta=0.454%, BCER train=1.570%, BWER train=4.553%, skip ratio=0.000%, New worst BCER = 1.570 wrote checkpoint.
At iteration 8671/39600/39600, mean rms=0.174%, delta=0.460%, BCER train=1.588%, BWER train=4.483%, skip ratio=0.000%, New worst BCER = 1.588 wrote checkpoint.
At iteration 8690/39700/39700, mean rms=0.176%, delta=0.462%, BCER train=1.593%, BWER train=4.409%, skip ratio=0.000%, New worst BCER = 1.593 wrote checkpoint.
At iteration 8702/39800/39800, mean rms=0.172%, delta=0.456%, BCER train=1.583%, BWER train=4.146%, skip ratio=0.000%, New worst BCER = 1.583 wrote checkpoint.
At iteration 8723/39900/39900, mean rms=0.175%, delta=0.465%, BCER train=1.642%, BWER train=4.364%, skip ratio=0.000%, New worst BCER = 1.642 wrote checkpoint.
At iteration 8740/40000/40000, mean rms=0.176%, delta=0.498%, BCER train=1.761%, BWER train=4.486%, skip ratio=0.000%, New worst BCER = 1.761 wrote checkpoint.
At iteration 8755/40100/40100, mean rms=0.175%, delta=0.475%, BCER train=1.750%, BWER train=4.317%, skip ratio=0.000%, New worst BCER = 1.750 wrote checkpoint.
At iteration 8771/40200/40200, mean rms=0.178%, delta=0.505%, BCER train=1.839%, BWER train=4.449%, skip ratio=0.000%, New worst BCER = 1.839 wrote checkpoint.
At iteration 8793/40300/40300, mean rms=0.183%, delta=0.518%, BCER train=1.870%, BWER train=4.578%, skip ratio=0.000%, New worst BCER = 1.870 wrote checkpoint.
At iteration 8817/40400/40400, mean rms=0.185%, delta=0.542%, BCER train=1.908%, BWER train=4.655%, skip ratio=0.000%, New worst BCER = 1.908 wrote checkpoint.
At iteration 8837/40500/40500, mean rms=0.181%, delta=0.538%, BCER train=1.886%, BWER train=4.367%, skip ratio=0.000%, New worst BCER = 1.886 wrote checkpoint.
At iteration 8851/40600/40600, mean rms=0.179%, delta=0.498%, BCER train=1.775%, BWER train=4.202%, skip ratio=0.000%, New worst BCER = 1.775 wrote checkpoint.
At iteration 8867/40700/40700, mean rms=0.177%, delta=0.497%, BCER train=1.729%, BWER train=4.098%, skip ratio=0.000%, New worst BCER = 1.729 wrote checkpoint.
At iteration 8882/40800/40800, mean rms=0.184%, delta=0.686%, BCER train=1.728%, BWER train=4.264%, skip ratio=0.000%, New worst BCER = 1.728 wrote checkpoint.
At iteration 8894/40900/40900, mean rms=0.178%, delta=0.663%, BCER train=1.679%, BWER train=4.236%, skip ratio=0.000%, New worst BCER = 1.679 wrote checkpoint.
At iteration 8910/41000/41000, mean rms=0.174%, delta=0.624%, BCER train=1.506%, BWER train=4.034%, skip ratio=0.000%, New worst BCER = 1.506 wrote checkpoint.
At iteration 8939/41100/41100, mean rms=0.180%, delta=0.673%, BCER train=1.609%, BWER train=4.270%, skip ratio=0.000%, New worst BCER = 1.609 wrote checkpoint.
At iteration 8957/41200/41200, mean rms=0.179%, delta=0.647%, BCER train=1.529%, BWER train=4.163%, skip ratio=0.000%, New worst BCER = 1.529 wrote checkpoint.
At iteration 8975/41300/41300, mean rms=0.176%, delta=0.631%, BCER train=1.491%, BWER train=4.046%, skip ratio=0.000%, New worst BCER = 1.491 wrote checkpoint.
At iteration 8998/41400/41400, mean rms=0.175%, delta=0.612%, BCER train=1.458%, BWER train=4.048%, skip ratio=0.000%, New worst BCER = 1.458 wrote checkpoint.
At iteration 9018/41500/41500, mean rms=0.175%, delta=0.617%, BCER train=1.426%, BWER train=4.009%, skip ratio=0.000%, New worst BCER = 1.426 wrote checkpoint.
At iteration 9035/41600/41600, mean rms=0.176%, delta=0.632%, BCER train=1.477%, BWER train=4.123%, skip ratio=0.000%, New worst BCER = 1.477 wrote checkpoint.
At iteration 9051/41700/41700, mean rms=0.178%, delta=0.633%, BCER train=1.546%, BWER train=4.264%, skip ratio=0.000%, New worst BCER = 1.546 wrote checkpoint.
At iteration 9070/41800/41800, mean rms=0.177%, delta=0.459%, BCER train=1.551%, BWER train=4.401%, skip ratio=0.000%, New worst BCER = 1.551 wrote checkpoint.
At iteration 9086/41900/41900, mean rms=0.180%, delta=0.474%, BCER train=1.562%, BWER train=4.271%, skip ratio=0.000%, New worst BCER = 1.562 wrote checkpoint.
At iteration 9101/42000/42000, mean rms=0.184%, delta=0.549%, BCER train=1.732%, BWER train=4.447%, skip ratio=0.000%, New worst BCER = 1.732 wrote checkpoint.
At iteration 9113/42100/42100, mean rms=0.174%, delta=0.490%, BCER train=1.585%, BWER train=4.122%, skip ratio=0.000%, New worst BCER = 1.585 wrote checkpoint.
At iteration 9134/42200/42200, mean rms=0.176%, delta=0.501%, BCER train=1.647%, BWER train=4.303%, skip ratio=0.000%, New worst BCER = 1.647 wrote checkpoint.
At iteration 9152/42300/42300, mean rms=0.176%, delta=0.506%, BCER train=1.672%, BWER train=4.431%, skip ratio=0.000%, New worst BCER = 1.672 wrote checkpoint.
At iteration 9172/42400/42400, mean rms=0.178%, delta=0.529%, BCER train=1.804%, BWER train=4.467%, skip ratio=0.000%, New worst BCER = 1.804 wrote checkpoint.
At iteration 9195/42500/42500, mean rms=0.185%, delta=0.596%, BCER train=1.926%, BWER train=4.609%, skip ratio=0.000%, New worst BCER = 1.926 wrote checkpoint.
At iteration 9215/42600/42600, mean rms=0.187%, delta=0.625%, BCER train=2.030%, BWER train=4.720%, skip ratio=0.000%, New worst BCER = 2.030 wrote checkpoint.
At iteration 9237/42700/42700, mean rms=0.191%, delta=0.668%, BCER train=2.071%, BWER train=4.832%, skip ratio=0.000%, New worst BCER = 2.071 wrote checkpoint.
At iteration 9253/42800/42800, mean rms=0.186%, delta=0.648%, BCER train=2.006%, BWER train=4.646%, skip ratio=0.000%, New worst BCER = 2.006 wrote checkpoint.
At iteration 9270/42900/42900, mean rms=0.187%, delta=0.676%, BCER train=2.119%, BWER train=4.811%, skip ratio=0.000%, New worst BCER = 2.119 wrote checkpoint.
At iteration 9282/43000/43000, mean rms=0.184%, delta=0.610%, BCER train=2.026%, BWER train=4.730%, skip ratio=0.000%, New worst BCER = 2.026 wrote checkpoint.
At iteration 9308/43100/43100, mean rms=0.197%, delta=0.840%, BCER train=2.171%, BWER train=5.039%, skip ratio=0.000%, New worst BCER = 2.171 wrote checkpoint.
At iteration 9327/43200/43200, mean rms=0.193%, delta=0.815%, BCER train=2.068%, BWER train=4.754%, skip ratio=0.000%, New worst BCER = 2.068 wrote checkpoint.
At iteration 9344/43300/43300, mean rms=0.193%, delta=0.817%, BCER train=2.117%, BWER train=4.617%, skip ratio=0.000%, New worst BCER = 2.117 wrote checkpoint.
At iteration 9365/43400/43400, mean rms=0.192%, delta=0.796%, BCER train=1.983%, BWER train=4.610%, skip ratio=0.000%, New worst BCER = 1.983 wrote checkpoint.
At iteration 9379/43500/43500, mean rms=0.181%, delta=0.694%, BCER train=1.754%, BWER train=4.290%, skip ratio=0.000%, New worst BCER = 1.754 wrote checkpoint.
At iteration 9396/43600/43600, mean rms=0.178%, delta=0.658%, BCER train=1.721%, BWER train=4.141%, skip ratio=0.000%, New worst BCER = 1.721 wrote checkpoint.
At iteration 9413/43700/43700, mean rms=0.175%, delta=0.624%, BCER train=1.717%, BWER train=4.229%, skip ratio=0.000%, New worst BCER = 1.717 wrote checkpoint.
At iteration 9425/43800/43800, mean rms=0.174%, delta=0.622%, BCER train=1.691%, BWER train=4.187%, skip ratio=0.000%, New worst BCER = 1.691 wrote checkpoint.
At iteration 9442/43900/43900, mean rms=0.173%, delta=0.580%, BCER train=1.557%, BWER train=3.998%, skip ratio=0.000%, New worst BCER = 1.557 wrote checkpoint.
Warning: LSTMTrainer deserialized an LSTMRecognizer!
At iteration 9456/44000/44000, mean rms=0.172%, delta=0.566%, BCER train=1.504%, BWER train=3.982%, skip ratio=0.000%, New worst BCER = 1.504At iteration 8362, stage 1, BCER eval=2.687, BWER eval=6.172 wrote checkpoint.
2 Percent improvement time=8578, best error was 3.433 @ 893
At iteration 9471/44100/44100, mean rms=0.160%, delta=0.347%, BCER train=1.334%, BWER train=3.649%, skip ratio=0.000%, New best BCER = 1.334Previous test incomplete, skipping test at iteration 9456 wrote best model:data/ZfN_only_v4/checkpoints/ZfN_only_v4_1.334_9471_44100.checkpoint wrote checkpoint.
At iteration 9492/44200/44200, mean rms=0.162%, delta=0.362%, BCER train=1.404%, BWER train=3.799%, skip ratio=0.000%, New worst BCER = 1.404 wrote checkpoint.
At iteration 9517/44300/44300, mean rms=0.168%, delta=0.401%, BCER train=1.579%, BWER train=4.223%, skip ratio=0.000%, New worst BCER = 1.579 wrote checkpoint.
At iteration 9537/44400/44400, mean rms=0.166%, delta=0.387%, BCER train=1.553%, BWER train=4.082%, skip ratio=0.000%, New worst BCER = 1.553 wrote checkpoint.
At iteration 9554/44500/44500, mean rms=0.166%, delta=0.390%, BCER train=1.610%, BWER train=4.254%, skip ratio=0.000%, New worst BCER = 1.610 wrote checkpoint.
At iteration 9573/44600/44600, mean rms=0.166%, delta=0.389%, BCER train=1.528%, BWER train=4.359%, skip ratio=0.000%, New worst BCER = 1.528 wrote checkpoint.
At iteration 9587/44700/44700, mean rms=0.167%, delta=0.400%, BCER train=1.470%, BWER train=4.101%, skip ratio=0.000%, New worst BCER = 1.470 wrote checkpoint.
At iteration 9606/44800/44800, mean rms=0.168%, delta=0.397%, BCER train=1.485%, BWER train=4.126%, skip ratio=0.000%, New worst BCER = 1.485 wrote checkpoint.
At iteration 9628/44900/44900, mean rms=0.172%, delta=0.436%, BCER train=1.579%, BWER train=4.447%, skip ratio=0.000%, New worst BCER = 1.579 wrote checkpoint.
At iteration 9640/45000/45000, mean rms=0.170%, delta=0.435%, BCER train=1.550%, BWER train=4.299%, skip ratio=0.000%, New worst BCER = 1.550 wrote checkpoint.
At iteration 9653/45100/45100, mean rms=0.172%, delta=0.471%, BCER train=1.666%, BWER train=4.372%, skip ratio=0.000%, New worst BCER = 1.666 wrote checkpoint.
At iteration 9676/45200/45200, mean rms=0.175%, delta=0.490%, BCER train=1.695%, BWER train=4.457%, skip ratio=0.000%, New worst BCER = 1.695 wrote checkpoint.
At iteration 9696/45300/45300, mean rms=0.173%, delta=0.474%, BCER train=1.578%, BWER train=4.345%, skip ratio=0.000%, New worst BCER = 1.578 wrote checkpoint.
At iteration 9714/45400/45400, mean rms=0.171%, delta=0.477%, BCER train=1.572%, BWER train=4.334%, skip ratio=0.000%, New worst BCER = 1.572 wrote checkpoint.
At iteration 9733/45500/45500, mean rms=0.173%, delta=0.473%, BCER train=1.551%, BWER train=4.260%, skip ratio=0.000%, New worst BCER = 1.551 wrote checkpoint.
At iteration 9747/45600/45600, mean rms=0.173%, delta=0.479%, BCER train=1.627%, BWER train=4.087%, skip ratio=0.000%, New worst BCER = 1.627 wrote checkpoint.
At iteration 9772/45700/45700, mean rms=0.178%, delta=0.503%, BCER train=1.708%, BWER train=4.318%, skip ratio=0.000%, New worst BCER = 1.708 wrote checkpoint.
At iteration 9785/45800/45800, mean rms=0.177%, delta=0.514%, BCER train=1.723%, BWER train=4.236%, skip ratio=0.000%, New worst BCER = 1.723 wrote checkpoint.
At iteration 9800/45900/45900, mean rms=0.176%, delta=0.494%, BCER train=1.665%, BWER train=4.009%, skip ratio=0.000%, New worst BCER = 1.665 wrote checkpoint.
At iteration 9818/46000/46000, mean rms=0.183%, delta=0.536%, BCER train=1.805%, BWER train=4.235%, skip ratio=0.000%, New worst BCER = 1.805 wrote checkpoint.
At iteration 9835/46100/46100, mean rms=0.183%, delta=0.507%, BCER train=1.694%, BWER train=4.149%, skip ratio=0.000%, New worst BCER = 1.694 wrote checkpoint.
At iteration 9856/46200/46200, mean rms=0.180%, delta=0.502%, BCER train=1.687%, BWER train=4.133%, skip ratio=0.000%, New worst BCER = 1.687 wrote checkpoint.
At iteration 9875/46300/46300, mean rms=0.177%, delta=0.484%, BCER train=1.659%, BWER train=3.987%, skip ratio=0.000%, New worst BCER = 1.659 wrote checkpoint.
At iteration 9888/46400/46400, mean rms=0.179%, delta=0.538%, BCER train=1.808%, BWER train=3.995%, skip ratio=0.000%, New worst BCER = 1.808 wrote checkpoint.
At iteration 9901/46500/46500, mean rms=0.176%, delta=0.528%, BCER train=1.745%, BWER train=3.848%, skip ratio=0.000%, New worst BCER = 1.745 wrote checkpoint.
At iteration 9915/46600/46600, mean rms=0.182%, delta=0.716%, BCER train=1.842%, BWER train=4.105%, skip ratio=0.000%, New worst BCER = 1.842 wrote checkpoint.
At iteration 9925/46700/46700, mean rms=0.172%, delta=0.664%, BCER train=1.709%, BWER train=3.839%, skip ratio=0.000%, New worst BCER = 1.709 wrote checkpoint.
At iteration 9943/46800/46800, mean rms=0.173%, delta=0.658%, BCER train=1.688%, BWER train=3.873%, skip ratio=0.000%, New worst BCER = 1.688 wrote checkpoint.
At iteration 9974/46900/46900, mean rms=0.178%, delta=0.682%, BCER train=1.901%, BWER train=4.079%, skip ratio=0.000%, New worst BCER = 1.901 wrote checkpoint.
At iteration 9991/47000/47000, mean rms=0.174%, delta=0.655%, BCER train=1.811%, BWER train=3.979%, skip ratio=0.000%, New worst BCER = 1.811 wrote checkpoint.
At iteration 10011/47100/47100, mean rms=0.175%, delta=0.656%, BCER train=1.856%, BWER train=4.118%, skip ratio=0.000%, New worst BCER = 1.856 wrote checkpoint.
At iteration 10031/47200/47200, mean rms=0.172%, delta=0.632%, BCER train=1.784%, BWER train=4.044%, skip ratio=0.000%, New worst BCER = 1.784 wrote checkpoint.
At iteration 10054/47300/47300, mean rms=0.174%, delta=0.664%, BCER train=1.790%, BWER train=4.050%, skip ratio=0.000%, New worst BCER = 1.790 wrote checkpoint.
At iteration 10067/47400/47400, mean rms=0.173%, delta=0.600%, BCER train=1.658%, BWER train=4.054%, skip ratio=0.000%, New worst BCER = 1.658 wrote checkpoint.
At iteration 10081/47500/47500, mean rms=0.174%, delta=0.610%, BCER train=1.704%, BWER train=4.160%, skip ratio=0.000%, New worst BCER = 1.704 wrote checkpoint.
At iteration 10101/47600/47600, mean rms=0.173%, delta=0.440%, BCER train=1.617%, BWER train=4.227%, skip ratio=0.000%, New worst BCER = 1.617 wrote checkpoint.
At iteration 10122/47700/47700, mean rms=0.181%, delta=0.484%, BCER train=1.792%, BWER train=4.452%, skip ratio=0.000%, New worst BCER = 1.792 wrote checkpoint.
At iteration 10134/47800/47800, mean rms=0.179%, delta=0.531%, BCER train=1.863%, BWER train=4.442%, skip ratio=0.000%, New worst BCER = 1.863 wrote checkpoint.
At iteration 10147/47900/47900, mean rms=0.170%, delta=0.489%, BCER train=1.622%, BWER train=4.171%, skip ratio=0.000%, New worst BCER = 1.622 wrote checkpoint.
At iteration 10166/48000/48000, mean rms=0.174%, delta=0.511%, BCER train=1.704%, BWER train=4.429%, skip ratio=0.000%, New worst BCER = 1.704 wrote checkpoint.
At iteration 10179/48100/48100, mean rms=0.170%, delta=0.494%, BCER train=1.650%, BWER train=4.317%, skip ratio=0.000%, New worst BCER = 1.650 wrote checkpoint.
At iteration 10200/48200/48200, mean rms=0.178%, delta=0.584%, BCER train=1.927%, BWER train=4.534%, skip ratio=0.000%, New worst BCER = 1.927 wrote checkpoint.
At iteration 10220/48300/48300, mean rms=0.182%, delta=0.625%, BCER train=2.045%, BWER train=4.761%, skip ratio=0.000%, New worst BCER = 2.045 wrote checkpoint.
At iteration 10239/48400/48400, mean rms=0.185%, delta=0.638%, BCER train=2.068%, BWER train=4.785%, skip ratio=0.000%, New worst BCER = 2.068 wrote checkpoint.
At iteration 10255/48500/48500, mean rms=0.187%, delta=0.662%, BCER train=2.090%, BWER train=4.891%, skip ratio=0.000%, New worst BCER = 2.090 wrote checkpoint.
At iteration 10270/48600/48600, mean rms=0.183%, delta=0.656%, BCER train=2.033%, BWER train=4.704%, skip ratio=0.000%, New worst BCER = 2.033 wrote checkpoint.
At iteration 10285/48700/48700, mean rms=0.178%, delta=0.631%, BCER train=1.943%, BWER train=4.611%, skip ratio=0.000%, New worst BCER = 1.943 wrote checkpoint.
At iteration 10300/48800/48800, mean rms=0.179%, delta=0.593%, BCER train=1.894%, BWER train=4.603%, skip ratio=0.000%, New worst BCER = 1.894 wrote checkpoint.
At iteration 10327/48900/48900, mean rms=0.192%, delta=0.814%, BCER train=2.017%, BWER train=4.826%, skip ratio=0.000%, New worst BCER = 2.017 wrote checkpoint.
At iteration 10344/49000/49000, mean rms=0.186%, delta=0.772%, BCER train=1.900%, BWER train=4.479%, skip ratio=0.000%, New worst BCER = 1.900 wrote checkpoint.
At iteration 10359/49100/49100, mean rms=0.188%, delta=0.787%, BCER train=1.995%, BWER train=4.526%, skip ratio=0.000%, New worst BCER = 1.995 wrote checkpoint.
At iteration 10381/49200/49200, mean rms=0.184%, delta=0.711%, BCER train=1.751%, BWER train=4.408%, skip ratio=0.000%, New worst BCER = 1.751 wrote checkpoint.
At iteration 10395/49300/49300, mean rms=0.176%, delta=0.627%, BCER train=1.542%, BWER train=4.084%, skip ratio=0.000%, New worst BCER = 1.542 wrote checkpoint.
At iteration 10408/49400/49400, mean rms=0.170%, delta=0.601%, BCER train=1.462%, BWER train=3.926%, skip ratio=0.000%, New worst BCER = 1.462 wrote checkpoint.
At iteration 10425/49500/49500, mean rms=0.169%, delta=0.573%, BCER train=1.458%, BWER train=3.905%, skip ratio=0.000%, New worst BCER = 1.458 wrote checkpoint.
At iteration 10443/49600/49600, mean rms=0.169%, delta=0.560%, BCER train=1.435%, BWER train=3.908%, skip ratio=0.000%, New worst BCER = 1.435 wrote checkpoint.
At iteration 10457/49700/49700, mean rms=0.169%, delta=0.548%, BCER train=1.366%, BWER train=3.768%, skip ratio=0.000%, New worst BCER = 1.366 wrote checkpoint.
2 Percent improvement time=9576, best error was 3.433 @ 893
At iteration 10469/49800/49800, mean rms=0.165%, delta=0.522%, BCER train=1.314%, BWER train=3.769%, skip ratio=0.000%, New best BCER = 1.314 wrote checkpoint.
2 Percent improvement time=9501, best error was 3.256 @ 987
At iteration 10488/49900/49900, mean rms=0.154%, delta=0.304%, BCER train=1.162%, BWER train=3.548%, skip ratio=0.000%, New best BCER = 1.162 wrote best model:data/ZfN_only_v4/checkpoints/ZfN_only_v4_1.162_10488_49900.checkpoint wrote checkpoint.
At iteration 10504/50000/50000, mean rms=0.158%, delta=0.333%, BCER train=1.251%, BWER train=3.717%, skip ratio=0.000%, New worst BCER = 1.251 wrote checkpoint.
At iteration 10525/50100/50100, mean rms=0.162%, delta=0.363%, BCER train=1.281%, BWER train=3.947%, skip ratio=0.000%, New worst BCER = 1.281 wrote checkpoint.
At iteration 10541/50200/50200, mean rms=0.158%, delta=0.341%, BCER train=1.230%, BWER train=3.732%, skip ratio=0.000%, New worst BCER = 1.230 wrote checkpoint.
At iteration 10558/50300/50300, mean rms=0.159%, delta=0.340%, BCER train=1.270%, BWER train=3.767%, skip ratio=0.000%, New worst BCER = 1.270 wrote checkpoint.
At iteration 10574/50400/50400, mean rms=0.160%, delta=0.349%, BCER train=1.276%, BWER train=3.863%, skip ratio=0.000%, New worst BCER = 1.276 wrote checkpoint.
At iteration 10592/50500/50500, mean rms=0.163%, delta=0.378%, BCER train=1.289%, BWER train=3.879%, skip ratio=0.000%, New worst BCER = 1.289 wrote checkpoint.
At iteration 10611/50600/50600, mean rms=0.162%, delta=0.370%, BCER train=1.290%, BWER train=3.807%, skip ratio=0.000%, New worst BCER = 1.290 wrote checkpoint.
At iteration 10627/50700/50700, mean rms=0.164%, delta=0.396%, BCER train=1.361%, BWER train=4.043%, skip ratio=0.000%, New worst BCER = 1.361 wrote checkpoint.
At iteration 10640/50800/50800, mean rms=0.166%, delta=0.421%, BCER train=1.350%, BWER train=4.016%, skip ratio=0.000%, New worst BCER = 1.350 wrote checkpoint.
At iteration 10650/50900/50900, mean rms=0.164%, delta=0.424%, BCER train=1.349%, BWER train=3.837%, skip ratio=0.000%, New worst BCER = 1.349 wrote checkpoint.
At iteration 10673/51000/51000, mean rms=0.169%, delta=0.438%, BCER train=1.390%, BWER train=4.092%, skip ratio=0.000%, New worst BCER = 1.390 wrote checkpoint.
At iteration 10687/51100/51100, mean rms=0.166%, delta=0.440%, BCER train=1.466%, BWER train=4.054%, skip ratio=0.000%, New worst BCER = 1.466 wrote checkpoint.
At iteration 10701/51200/51200, mean rms=0.166%, delta=0.446%, BCER train=1.497%, BWER train=4.206%, skip ratio=0.000%, New worst BCER = 1.497 wrote checkpoint.
At iteration 10721/51300/51300, mean rms=0.165%, delta=0.443%, BCER train=1.454%, BWER train=4.117%, skip ratio=0.000%, New worst BCER = 1.454 wrote checkpoint.
At iteration 10735/51400/51400, mean rms=0.169%, delta=0.471%, BCER train=1.593%, BWER train=4.047%, skip ratio=0.000%, New worst BCER = 1.593 wrote checkpoint.
At iteration 10759/51500/51500, mean rms=0.172%, delta=0.496%, BCER train=1.733%, BWER train=4.255%, skip ratio=0.000%, New worst BCER = 1.733 wrote checkpoint.
At iteration 10771/51600/51600, mean rms=0.168%, delta=0.486%, BCER train=1.642%, BWER train=4.070%, skip ratio=0.000%, New worst BCER = 1.642 wrote checkpoint.
At iteration 10784/51700/51700, mean rms=0.168%, delta=0.470%, BCER train=1.640%, BWER train=3.984%, skip ratio=0.000%, New worst BCER = 1.640 wrote checkpoint.
At iteration 10802/51800/51800, mean rms=0.174%, delta=0.498%, BCER train=1.762%, BWER train=4.152%, skip ratio=0.000%, New worst BCER = 1.762 wrote checkpoint.
At iteration 10823/51900/51900, mean rms=0.178%, delta=0.508%, BCER train=1.778%, BWER train=4.269%, skip ratio=0.000%, New worst BCER = 1.778 wrote checkpoint.
At iteration 10839/52000/52000, mean rms=0.172%, delta=0.489%, BCER train=1.692%, BWER train=4.031%, skip ratio=0.000%, New worst BCER = 1.692 wrote checkpoint.
At iteration 10860/52100/52100, mean rms=0.171%, delta=0.444%, BCER train=1.529%, BWER train=3.889%, skip ratio=0.000%, New worst BCER = 1.529 wrote checkpoint.
At iteration 10870/52200/52200, mean rms=0.169%, delta=0.434%, BCER train=1.482%, BWER train=3.666%, skip ratio=0.000%, New worst BCER = 1.482 wrote checkpoint.
At iteration 10884/52300/52300, mean rms=0.167%, delta=0.424%, BCER train=1.428%, BWER train=3.539%, skip ratio=0.000%, New worst BCER = 1.428 wrote checkpoint.
At iteration 10897/52400/52400, mean rms=0.172%, delta=0.598%, BCER train=1.414%, BWER train=3.627%, skip ratio=0.000%, New worst BCER = 1.414 wrote checkpoint.
At iteration 10908/52500/52500, mean rms=0.161%, delta=0.538%, BCER train=1.216%, BWER train=3.316%, skip ratio=0.000%, New worst BCER = 1.216 wrote checkpoint.
At iteration 10931/52600/52600, mean rms=0.169%, delta=0.570%, BCER train=1.333%, BWER train=3.537%, skip ratio=0.000%, New worst BCER = 1.333 wrote checkpoint.
At iteration 10952/52700/52700, mean rms=0.171%, delta=0.583%, BCER train=1.364%, BWER train=3.551%, skip ratio=0.000%, New worst BCER = 1.364 wrote checkpoint.
At iteration 10971/52800/52800, mean rms=0.166%, delta=0.549%, BCER train=1.278%, BWER train=3.384%, skip ratio=0.000%, New worst BCER = 1.278 wrote checkpoint.
At iteration 10991/52900/52900, mean rms=0.165%, delta=0.542%, BCER train=1.279%, BWER train=3.446%, skip ratio=0.000%, New worst BCER = 1.279 wrote checkpoint.
At iteration 11011/53000/53000, mean rms=0.164%, delta=0.536%, BCER train=1.276%, BWER train=3.327%, skip ratio=0.000%, New worst BCER = 1.276 wrote checkpoint.
At iteration 11028/53100/53100, mean rms=0.165%, delta=0.569%, BCER train=1.323%, BWER train=3.266%, skip ratio=0.000%, New worst BCER = 1.323 wrote checkpoint.
At iteration 11044/53200/53200, mean rms=0.169%, delta=0.583%, BCER train=1.398%, BWER train=3.500%, skip ratio=0.000%, New worst BCER = 1.398 wrote checkpoint.
At iteration 11056/53300/53300, mean rms=0.169%, delta=0.589%, BCER train=1.438%, BWER train=3.576%, skip ratio=0.000%, New worst BCER = 1.438 wrote checkpoint.
At iteration 11078/53400/53400, mean rms=0.168%, delta=0.414%, BCER train=1.421%, BWER train=3.782%, skip ratio=0.000%, New worst BCER = 1.421 wrote checkpoint.
At iteration 11094/53500/53500, mean rms=0.174%, delta=0.436%, BCER train=1.478%, BWER train=3.808%, skip ratio=0.000%, New worst BCER = 1.478 wrote checkpoint.
At iteration 11107/53600/53600, mean rms=0.170%, delta=0.471%, BCER train=1.524%, BWER train=3.829%, skip ratio=0.000%, New worst BCER = 1.524 wrote checkpoint.
At iteration 11121/53700/53700, mean rms=0.165%, delta=0.443%, BCER train=1.410%, BWER train=3.593%, skip ratio=0.000%, New worst BCER = 1.410 wrote checkpoint.
At iteration 11137/53800/53800, mean rms=0.167%, delta=0.457%, BCER train=1.464%, BWER train=3.847%, skip ratio=0.000%, New worst BCER = 1.464 wrote checkpoint.
At iteration 11150/53900/53900, mean rms=0.165%, delta=0.445%, BCER train=1.451%, BWER train=3.743%, skip ratio=0.000%, New worst BCER = 1.451 wrote checkpoint.
At iteration 11171/54000/54000, mean rms=0.172%, delta=0.513%, BCER train=1.613%, BWER train=3.951%, skip ratio=0.000%, New worst BCER = 1.613 wrote checkpoint.
At iteration 11190/54100/54100, mean rms=0.177%, delta=0.533%, BCER train=1.771%, BWER train=4.299%, skip ratio=0.000%, New worst BCER = 1.771 wrote checkpoint.
At iteration 11207/54200/54200, mean rms=0.176%, delta=0.528%, BCER train=1.706%, BWER train=4.125%, skip ratio=0.000%, New worst BCER = 1.706 wrote checkpoint.
At iteration 11225/54300/54300, mean rms=0.180%, delta=0.562%, BCER train=1.731%, BWER train=4.261%, skip ratio=0.000%, New worst BCER = 1.731 wrote checkpoint.
At iteration 11243/54400/54400, mean rms=0.176%, delta=0.558%, BCER train=1.725%, BWER train=4.076%, skip ratio=0.000%, New worst BCER = 1.725 wrote checkpoint.
At iteration 11252/54500/54500, mean rms=0.171%, delta=0.565%, BCER train=1.743%, BWER train=4.086%, skip ratio=0.000%, New worst BCER = 1.743 wrote checkpoint.
At iteration 11271/54600/54600, mean rms=0.173%, delta=0.530%, BCER train=1.709%, BWER train=4.131%, skip ratio=0.000%, New worst BCER = 1.709 wrote checkpoint.
At iteration 11294/54700/54700, mean rms=0.184%, delta=0.747%, BCER train=1.850%, BWER train=4.378%, skip ratio=0.000%, New worst BCER = 1.850 wrote checkpoint.
At iteration 11313/54800/54800, mean rms=0.180%, delta=0.719%, BCER train=1.776%, BWER train=4.023%, skip ratio=0.000%, New worst BCER = 1.776 wrote checkpoint.
At iteration 11329/54900/54900, mean rms=0.184%, delta=0.738%, BCER train=1.843%, BWER train=4.156%, skip ratio=0.000%, New worst BCER = 1.843 wrote checkpoint.
At iteration 11343/55000/55000, mean rms=0.176%, delta=0.670%, BCER train=1.654%, BWER train=3.987%, skip ratio=0.000%, New worst BCER = 1.654 wrote checkpoint.
At iteration 11354/55100/55100, mean rms=0.167%, delta=0.616%, BCER train=1.398%, BWER train=3.586%, skip ratio=0.000%, New worst BCER = 1.398 wrote checkpoint.
At iteration 11368/55200/55200, mean rms=0.164%, delta=0.604%, BCER train=1.409%, BWER train=3.652%, skip ratio=0.000%, New worst BCER = 1.409 wrote checkpoint.
At iteration 11381/55300/55300, mean rms=0.160%, delta=0.565%, BCER train=1.374%, BWER train=3.536%, skip ratio=0.000%, New worst BCER = 1.374 wrote checkpoint.
At iteration 11400/55400/55400, mean rms=0.161%, delta=0.554%, BCER train=1.311%, BWER train=3.566%, skip ratio=0.000%, New worst BCER = 1.311 wrote checkpoint.
At iteration 11415/55500/55500, mean rms=0.163%, delta=0.539%, BCER train=1.260%, BWER train=3.574%, skip ratio=0.000%, New worst BCER = 1.260 wrote checkpoint.
At iteration 11430/55600/55600, mean rms=0.160%, delta=0.511%, BCER train=1.183%, BWER train=3.469%, skip ratio=0.000%, New worst BCER = 1.183 wrote checkpoint.
2 Percent improvement time=10433, best error was 3.133 @ 1014
At iteration 11447/55700/55700, mean rms=0.150%, delta=0.298%, BCER train=1.067%, BWER train=3.346%, skip ratio=0.000%, New best BCER = 1.067 wrote best model:data/ZfN_only_v4/checkpoints/ZfN_only_v4_1.067_11447_55700.checkpoint wrote checkpoint.
At iteration 11467/55800/55800, mean rms=0.155%, delta=0.348%, BCER train=1.289%, BWER train=3.696%, skip ratio=0.000%, New worst BCER = 1.289 wrote checkpoint.
At iteration 11487/55900/55900, mean rms=0.155%, delta=0.347%, BCER train=1.266%, BWER train=3.716%, skip ratio=0.000%, New worst BCER = 1.266 wrote checkpoint.
At iteration 11501/56000/56000, mean rms=0.154%, delta=0.330%, BCER train=1.243%, BWER train=3.586%, skip ratio=0.000%, New worst BCER = 1.243 wrote checkpoint.
At iteration 11513/56100/56100, mean rms=0.153%, delta=0.328%, BCER train=1.296%, BWER train=3.699%, skip ratio=0.000%, New worst BCER = 1.296 wrote checkpoint.
At iteration 11526/56200/56200, mean rms=0.154%, delta=0.329%, BCER train=1.262%, BWER train=3.532%, skip ratio=0.000%, New worst BCER = 1.262 wrote checkpoint.
At iteration 11545/56300/56300, mean rms=0.159%, delta=0.359%, BCER train=1.330%, BWER train=3.686%, skip ratio=0.000%, New worst BCER = 1.330 wrote checkpoint.
At iteration 11563/56400/56400, mean rms=0.157%, delta=0.357%, BCER train=1.335%, BWER train=3.651%, skip ratio=0.000%, New worst BCER = 1.335 wrote checkpoint.
At iteration 11577/56500/56500, mean rms=0.157%, delta=0.367%, BCER train=1.360%, BWER train=3.670%, skip ratio=0.000%, New worst BCER = 1.360 wrote checkpoint.
At iteration 11592/56600/56600, mean rms=0.158%, delta=0.394%, BCER train=1.378%, BWER train=3.674%, skip ratio=0.000%, New worst BCER = 1.378 wrote checkpoint.
At iteration 11603/56700/56700, mean rms=0.159%, delta=0.403%, BCER train=1.478%, BWER train=3.677%, skip ratio=0.000%, New worst BCER = 1.478 wrote checkpoint.
At iteration 11626/56800/56800, mean rms=0.161%, delta=0.391%, BCER train=1.419%, BWER train=3.849%, skip ratio=0.000%, New worst BCER = 1.419 wrote checkpoint.
At iteration 11641/56900/56900, mean rms=0.160%, delta=0.409%, BCER train=1.443%, BWER train=3.898%, skip ratio=0.000%, New worst BCER = 1.443 wrote checkpoint.
At iteration 11653/57000/57000, mean rms=0.159%, delta=0.401%, BCER train=1.430%, BWER train=3.943%, skip ratio=0.000%, New worst BCER = 1.430 wrote checkpoint.
At iteration 11670/57100/57100, mean rms=0.163%, delta=0.421%, BCER train=1.506%, BWER train=3.885%, skip ratio=0.000%, New worst BCER = 1.506 wrote checkpoint.
At iteration 11691/57200/57200, mean rms=0.167%, delta=0.444%, BCER train=1.610%, BWER train=4.143%, skip ratio=0.000%, New worst BCER = 1.610 wrote checkpoint.
At iteration 11711/57300/57300, mean rms=0.169%, delta=0.456%, BCER train=1.646%, BWER train=4.186%, skip ratio=0.000%, New worst BCER = 1.646 wrote checkpoint.
At iteration 11721/57400/57400, mean rms=0.166%, delta=0.447%, BCER train=1.697%, BWER train=4.077%, skip ratio=0.000%, New worst BCER = 1.697 wrote checkpoint.
At iteration 11732/57500/57500, mean rms=0.165%, delta=0.442%, BCER train=1.751%, BWER train=3.977%, skip ratio=0.000%, New worst BCER = 1.751 wrote checkpoint.
At iteration 11753/57600/57600, mean rms=0.171%, delta=0.457%, BCER train=1.846%, BWER train=4.089%, skip ratio=0.000%, New worst BCER = 1.846 wrote checkpoint.
At iteration 11773/57700/57700, mean rms=0.172%, delta=0.456%, BCER train=1.759%, BWER train=4.073%, skip ratio=0.000%, New worst BCER = 1.759 wrote checkpoint.
At iteration 11783/57780/57780, mean rms=0.167%, delta=0.439%, BCER train=1.620%, BWER train=3.738%, skip ratio=0.000%, New worst BCER = 1.620 wrote checkpoint.
Finished! Selected model with minimal training error rate (BCER) = 1.067
